[0mGET /api/v1/posts [32m200[0m 132.466 ms - 11505[0m
[0mGET /api/v1/posts [32m200[0m 232.515 ms - 11505[0m
[0mGET /api/v1/posts [32m200[0m 57.076 ms - 11505[0m
[0mGET /api/v1/posts [32m200[0m 55.076 ms - 11505[0m
[0mGET /api/v1/posts [32m200[0m 34.504 ms - 11505[0m
[0mGET /api/v1/posts [32m200[0m 36.774 ms - 11505[0m
[0mGET /api/v1/posts [32m200[0m 30.051 ms - 11505[0m
[0mGET /api/v1/posts [32m200[0m 31.010 ms - 11505[0m
[0mGET /api/v1/posts [32m200[0m 52.205 ms - 11505[0m
[0mGET /api/v1/posts [32m200[0m 68.314 ms - 11505[0m
[0mGET /api/v1/posts [32m200[0m 49.476 ms - 11505[0m
[0mGET /api/v1/posts [32m200[0m 58.778 ms - 11505[0m
[0mGET /api/v1/posts [32m200[0m 50.243 ms - 11505[0m
[0mGET /api/v1/posts [32m200[0m 65.978 ms - 11505[0m
[0mGET /api/v1/posts [32m200[0m 54.894 ms - 11505[0m
[0mGET /api/v1/posts [32m200[0m 63.440 ms - 11505[0m
[0mGET /api/v1/posts [32m200[0m 57.809 ms - 11505[0m
[0mGET /api/v1/posts [32m200[0m 73.527 ms - 11505[0m
[0mGET /api/v1/posts [32m200[0m 81.716 ms - 11505[0m
[0mGET /api/v1/posts [32m200[0m 111.753 ms - 11505[0m
[0mGET /api/v1/posts [32m200[0m 33.698 ms - 11505[0m
[0mGET /api/v1/posts [32m200[0m 62.148 ms - 11505[0m
[0mGET /api/v1/posts [32m200[0m 27.195 ms - 11505[0m
[0mGET /api/v1/posts [32m200[0m 27.733 ms - 11505[0m
[0mGET /api/v1/posts [32m200[0m 48.983 ms - 11505[0m
[0mGET /api/v1/posts [32m200[0m 83.429 ms - 11505[0m
[0mGET / [32m200[0m 1206.888 ms - 15967[0m
[0mGET /js/post_comments.js [32m200[0m 537.732 ms - 3407[0m
[0mGET /js/home_posts.js [32m200[0m 12.048 ms - 3937[0m
[0mGET /js/toggle_likes.js [32m200[0m 35.914 ms - 1118[0m
[0mGET /js/chat_engine.js [32m200[0m 44.442 ms - 1929[0m
[0mGET /favicon.ico [33m404[0m 73.809 ms - 150[0m
[0mGET / [36m304[0m 104.411 ms - -[0m
[0mGET /css/home.css [32m200[0m 17.321 ms - 315[0m
[0mGET /css/chatbox.css [32m200[0m 18.104 ms - 1281[0m
[0mGET /js/home_posts.js [36m304[0m 5.192 ms - -[0m
[0mGET /js/toggle_likes.js [36m304[0m 11.631 ms - -[0m
[0mGET /css/layout.css [32m200[0m 30.043 ms - 135[0m
[0mGET /css/header.css [32m200[0m 21.118 ms - 623[0m
[0mGET /css/footer.css [32m200[0m 46.627 ms - 504[0m
[0mGET /js/chat_engine.js [36m304[0m 14.287 ms - -[0m
[0mGET /js/post_comments.js [36m304[0m 12.832 ms - -[0m
[0mGET /users/sign-in [32m200[0m 15.913 ms - 2132[0m
[0mGET /css/layout.css [36m304[0m 0.788 ms - -[0m
[0mGET /css/footer.css [36m304[0m 1.560 ms - -[0m
[0mGET /css/header.css [36m304[0m 2.408 ms - -[0m
[0mPOST /users/create-session [36m302[0m 141.481 ms - 46[0m
[0mGET / [32m200[0m 303.542 ms - 27722[0m
[0mGET /css/home.css [36m304[0m 1.970 ms - -[0m
[0mGET /css/chatbox.css [36m304[0m 3.260 ms - -[0m
[0mGET /js/post_comments.js [36m304[0m 4.064 ms - -[0m
[0mGET /css/layout.css [36m304[0m 7.518 ms - -[0m
[0mGET /css/header.css [36m304[0m 3.218 ms - -[0m
[0mGET /css/footer.css [36m304[0m 3.249 ms - -[0m
[0mGET /js/home_posts.js [36m304[0m 7.069 ms - -[0m
[0mGET /js/toggle_likes.js [36m304[0m 6.811 ms - -[0m
[0mGET /js/chat_engine.js [36m304[0m 6.375 ms - -[0m
