[0mGET /css/chatbox.css [36m304[0m 1.753 ms - -[0m
[0mGET /css/layout.css [36m304[0m 2.481 ms - -[0m
[0mGET /css/header.css [36m304[0m 3.073 ms - -[0m
[0mGET /css/footer.css [36m304[0m 4.415 ms - -[0m
[0mGET /css/home.css [36m304[0m 1.570 ms - -[0m
[0mGET /js/home_posts.js [36m304[0m 13.421 ms - -[0m
[0mGET /js/post_comments.js [36m304[0m 77.403 ms - -[0m
[0mGET /js/chat_engine.js [36m304[0m 26.362 ms - -[0m
[0mGET /js/toggle_likes.js [36m304[0m 37.661 ms - -[0m
[0mGET /css/home-2c38e54b73.css [33m404[0m 1747.069 ms - 162[0m
[0mGET /css/header-6518ae609f.css [33m404[0m 393.348 ms - 164[0m
[0mGET /css/layout-b49382c3b1.css [33m404[0m 395.054 ms - 164[0m
[0mGET /css/chatbox-b637be5742.css [33m404[0m 392.671 ms - 165[0m
[0mGET /js/home_posts-7f244d5b94.js [33m404[0m 123.508 ms - 166[0m
[0mGET /js/post_comments-674020211f.js [33m404[0m 123.914 ms - 169[0m
[0mGET /js/toggle_likes-c390952f69.js [33m404[0m 13.160 ms - 168[0m
[0mGET /css/footer-fa41ff4295.css [33m404[0m 144.246 ms - 164[0m
[0mGET /js/chat_engine-817dd680c1.js [33m404[0m 13.348 ms - 167[0m
[0mGET /favicon.ico [33m404[0m 3940.840 ms - 150[0m
[0mGET / [32m200[0m 4122.010 ms - 15967[0m
[0mGET /js/post_comments.js [36m304[0m 1.078 ms - -[0m
[0mGET /css/home.css [36m304[0m 3.106 ms - -[0m
[0mGET /css/layout.css [36m304[0m 3.548 ms - -[0m
[0mGET /css/chatbox.css [36m304[0m 8.633 ms - -[0m
[0mGET /css/header.css [36m304[0m 11.366 ms - -[0m
[0mGET /js/home_posts.js [36m304[0m 11.184 ms - -[0m
[0mGET /css/footer.css [36m304[0m 8.285 ms - -[0m
[0mGET /js/toggle_likes.js [36m304[0m 8.889 ms - -[0m
[0mGET /js/chat_engine.js [36m304[0m 12.088 ms - -[0m
[0mGET /js/home_posts.js [36m304[0m 4.367 ms - -[0m
[0mGET /js/toggle_likes.js [36m304[0m 3.401 ms - -[0m
[0mGET /js/chat_engine.js [36m304[0m 2.791 ms - -[0m
[0mGET /js/post_comments.js [36m304[0m 3.163 ms - -[0m
[0mGET /css/chatbox.css [32m200[0m 13.014 ms - 1281[0m
[0mGET /css/layout.css [32m200[0m 14.028 ms - 135[0m
[0mGET /css/header.css [32m200[0m 2.969 ms - 623[0m
[0mGET /css/home.css [32m200[0m 4.422 ms - 315[0m
[0mGET /css/footer.css [32m200[0m 4.953 ms - 504[0m
[0mGET / [32m200[0m 227.719 ms - 15967[0m
[0mGET / [36m304[0m 109.346 ms - -[0m
[0mGET /css/home.css [36m304[0m 1.068 ms - -[0m
[0mGET /js/post_comments.js [36m304[0m 2.652 ms - -[0m
[0mGET /js/home_posts.js [36m304[0m 11.727 ms - -[0m
[0mGET /css/chatbox.css [36m304[0m 9.879 ms - -[0m
[0mGET /css/layout.css [36m304[0m 13.455 ms - -[0m
[0mGET /css/footer.css [36m304[0m 15.454 ms - -[0m
[0mGET /css/header.css [36m304[0m 16.359 ms - -[0m
[0mGET /js/toggle_likes.js [36m304[0m 1.291 ms - -[0m
[0mGET /js/chat_engine.js [36m304[0m 3.339 ms - -[0m
[0mGET / [36m304[0m 409.033 ms - -[0m
[0mGET /css/home.css [36m304[0m 1.337 ms - -[0m
[0mGET /css/chatbox.css [36m304[0m 1.637 ms - -[0m
[0mGET /css/layout.css [36m304[0m 1.237 ms - -[0m
[0mGET /css/header.css [36m304[0m 1.569 ms - -[0m
[0mGET /css/footer.css [36m304[0m 0.512 ms - -[0m
[0mGET /js/post_comments.js [36m304[0m 54.858 ms - -[0m
[0mGET /js/home_posts.js [36m304[0m 55.844 ms - -[0m
[0mGET /js/toggle_likes.js [36m304[0m 3.112 ms - -[0m
[0mGET /js/chat_engine.js [36m304[0m 2.239 ms - -[0m
[0mGET / [36m304[0m 727.734 ms - -[0m
[0mGET /css/home.css [36m304[0m 2.754 ms - -[0m
[0mGET /css/chatbox.css [36m304[0m 2.897 ms - -[0m
[0mGET /css/layout.css [36m304[0m 2.968 ms - -[0m
[0mGET /js/post_comments.js [36m304[0m 139.320 ms - -[0m
[0mGET /js/toggle_likes.js [36m304[0m 138.665 ms - -[0m
[0mGET /css/footer.css [36m304[0m 62.780 ms - -[0m
[0mGET /css/header.css [36m304[0m 2.170 ms - -[0m
[0mGET /js/chat_engine.js [36m304[0m 145.223 ms - -[0m
[0mGET /js/home_posts.js [36m304[0m 158.668 ms - -[0m
[0mGET /users/sign-in [32m200[0m 12.824 ms - 2132[0m
[0mGET /css/header.css [36m304[0m 48.183 ms - -[0m
[0mGET /css/footer.css [36m304[0m 48.534 ms - -[0m
[0mGET /css/layout.css [36m304[0m 0.803 ms - -[0m
[0mPOST /users/create-session [36m302[0m 747.932 ms - 46[0m
[0mGET / [32m200[0m 209.442 ms - 27722[0m
[0mGET /css/home.css [36m304[0m 1.129 ms - -[0m
[0mGET /css/chatbox.css [36m304[0m 2.992 ms - -[0m
[0mGET /css/layout.css [36m304[0m 0.755 ms - -[0m
[0mGET /css/header.css [36m304[0m 0.846 ms - -[0m
[0mGET /js/post_comments.js [36m304[0m 2.662 ms - -[0m
[0mGET /js/home_posts.js [36m304[0m 1.654 ms - -[0m
[0mGET /css/footer.css [36m304[0m 0.772 ms - -[0m
[0mGET /js/toggle_likes.js [36m304[0m 1.270 ms - -[0m
[0mGET /js/chat_engine.js [36m304[0m 1.093 ms - -[0m
[0mGET /users/sign-in [36m302[0m 24.372 ms - 72[0m
[0mGET /users/profile [33m404[0m 22.289 ms - 152[0m
[0mGET /users/profile/640ad883778008b83dd85125 [32m200[0m 139.366 ms - 2711[0m
[0mGET /css/layout.css [36m304[0m 1.797 ms - -[0m
[0mGET /css/header.css [36m304[0m 5.796 ms - -[0m
[0mGET /css/footer.css [36m304[0m 1.902 ms - -[0m
[0mGET /js/toggle_friendships.js [32m200[0m 83.395 ms - 846[0m
[0mGET /users/profile/640ad883778008b83dd85125 [36m304[0m 63.567 ms - -[0m
[0mGET /css/user_profile.css [32m200[0m 3.960 ms - 40[0m
[0mGET /css/layout.css [36m304[0m 2.176 ms - -[0m
[0mGET /css/footer.css [36m304[0m 3.108 ms - -[0m
[0mGET /css/header.css [36m304[0m 3.647 ms - -[0m
[0mGET /js/toggle_friendships.js [36m304[0m 2.991 ms - -[0m
[0mGET /css/user_profile.css [36m304[0m 9.013 ms - -[0m
[0mGET /css/layout.css [36m304[0m 16.730 ms - -[0m
[0mGET /css/header.css [36m304[0m 17.714 ms - -[0m
[0mGET /css/footer.css [36m304[0m 18.621 ms - -[0m
[0mGET /users/profile/640ad883778008b83dd85125 [32m200[0m 161.911 ms - 2810[0m
[0mGET /css/layout.css [32m200[0m 1.625 ms - 135[0m
[0mGET /css/header.css [32m200[0m 5.193 ms - 623[0m
[0mGET /css/footer.css [32m200[0m 4.391 ms - 504[0m
[0mGET /js/toggle_friendships.js [32m200[0m 15.032 ms - 846[0m
[0mGET /users/profile/640ad883778008b83dd85125 [32m200[0m 100.476 ms - 2810[0m
[0mGET /js/toggle_friendships.js [32m200[0m 84.404 ms - 846[0m
[0mGET /css/layout.css [32m200[0m 50.735 ms - 135[0m
[0mGET /css/header.css [32m200[0m 52.609 ms - 623[0m
[0mGET /css/footer.css [32m200[0m 55.022 ms - 504[0m
[0mGET /users/profile/640ad883778008b83dd85125 [32m200[0m 77.058 ms - 2810[0m
[0mGET /css/layout.css [32m200[0m 3.527 ms - 135[0m
[0mGET /css/header.css [32m200[0m 3.652 ms - 623[0m
[0mGET /css/footer.css [32m200[0m 3.869 ms - 504[0m
[0mGET /js/toggle_friendships.js [32m200[0m 1.967 ms - 846[0m
[0mGET /users/profile/640ad883778008b83dd85125 [32m200[0m 42.605 ms - 2810[0m
[0mGET /css/header.css [32m200[0m 19.014 ms - 623[0m
[0mGET /css/footer.css [32m200[0m 19.550 ms - 504[0m
[0mGET /css/layout.css [32m200[0m 22.468 ms - 135[0m
[0mGET /js/toggle_friendships.js [32m200[0m 32.494 ms - 846[0m
[0mGET /users/profile/640ad883778008b83dd85125 [32m200[0m 90.766 ms - 2810[0m
[0mGET /css/layout.css [32m200[0m 67.924 ms - 135[0m
[0mGET /css/header.css [32m200[0m 27.588 ms - 623[0m
[0mGET /css/footer.css [32m200[0m 28.196 ms - 504[0m
[0mGET /js/toggle_friendships.js [32m200[0m 4.614 ms - 846[0m
[0mGET /users/profile/640ad883778008b83dd85125 [32m200[0m 50.028 ms - 2810[0m
[0mGET /css/layout.css [32m200[0m 3.358 ms - 135[0m
[0mGET /css/header.css [32m200[0m 3.028 ms - 623[0m
[0mGET /css/footer.css [32m200[0m 2.471 ms - 504[0m
[0mGET /js/toggle_friendships.js [32m200[0m 4.531 ms - 846[0m
[0mGET / [32m200[0m 307.530 ms - 27488[0m
[0mGET /css/home.css [32m200[0m 1.550 ms - 315[0m
[0mGET /css/chatbox.css [32m200[0m 1.864 ms - 1281[0m
[0mGET /css/layout.css [32m200[0m 3.010 ms - 135[0m
[0mGET /css/header.css [32m200[0m 1.967 ms - 623[0m
[0mGET /css/footer.css [32m200[0m 1.570 ms - 504[0m
[0mGET /js/home_posts.js [32m200[0m 35.547 ms - 3937[0m
[0mGET /js/toggle_likes.js [32m200[0m 42.277 ms - 1118[0m
[0mGET /js/chat_engine.js [32m200[0m 49.787 ms - 1929[0m
[0mGET /js/post_comments.js [32m200[0m 162.558 ms - 3407[0m
[0mGET /users/profile/640ad883778008b83dd85125 [32m200[0m 51.016 ms - 2810[0m
[0mGET /css/header.css [32m200[0m 5.221 ms - 623[0m
[0mGET /css/footer.css [32m200[0m 6.395 ms - 504[0m
[0mGET /css/layout.css [32m200[0m 9.686 ms - 135[0m
[0mGET /css/user_profile.css [32m200[0m 7.827 ms - 105[0m
[0mGET /js/toggle_friendships.js [32m200[0m 5.635 ms - 846[0m
[0mGET /users/profile/640ad883778008b83dd85125 [32m200[0m 90.167 ms - 2810[0m
[0mGET /css/layout.css [32m200[0m 4.967 ms - 135[0m
[0mGET /css/header.css [32m200[0m 5.369 ms - 623[0m
[0mGET /css/footer.css [32m200[0m 5.732 ms - 504[0m
[0mGET /js/toggle_friendships.js [32m200[0m 2.169 ms - 846[0m
[0mGET /users/profile/640ad883778008b83dd85125 [32m200[0m 132.003 ms - 2810[0m
[0mGET /css/layout.css [32m200[0m 11.377 ms - 135[0m
[0mGET /css/footer.css [32m200[0m 13.181 ms - 504[0m
[0mGET /css/header.css [32m200[0m 51.569 ms - 623[0m
[0mGET /js/toggle_friendships.js [32m200[0m 1.628 ms - 846[0m
[0mGET /users/profile/640ad883778008b83dd85125 [32m200[0m 134.814 ms - 2810[0m
[0mGET /css/layout.css [32m200[0m 16.516 ms - 135[0m
[0mGET /css/header.css [32m200[0m 17.369 ms - 623[0m
[0mGET /css/footer.css [32m200[0m 17.676 ms - 504[0m
[0mGET /js/toggle_friendships.js [32m200[0m 10.057 ms - 846[0m
[0mGET /users/profile/640ad883778008b83dd85125 [32m200[0m 227.406 ms - 2810[0m
[0mGET /css/layout.css [32m200[0m 5.767 ms - 135[0m
[0mGET /css/header.css [32m200[0m 5.916 ms - 623[0m
[0mGET /css/footer.css [32m200[0m 6.087 ms - 504[0m
[0mGET /js/toggle_friendships.js [32m200[0m 2.132 ms - 846[0m
[0mGET /users/profile/640ad883778008b83dd85125 [32m200[0m 52.502 ms - 2810[0m
[0mGET /css/header.css [32m200[0m 6.808 ms - 623[0m
[0mGET /css/layout.css [32m200[0m 10.474 ms - 135[0m
[0mGET /css/footer.css [32m200[0m 7.166 ms - 504[0m
[0mGET /js/toggle_friendships.js [32m200[0m 3.924 ms - 846[0m
[0mGET /users/profile/640ad883778008b83dd85125 [32m200[0m 130.837 ms - 2810[0m
[0mGET /css/layout.css [32m200[0m 4.851 ms - 135[0m
[0mGET /css/header.css [32m200[0m 2.574 ms - 623[0m
[0mGET /css/footer.css [32m200[0m 2.318 ms - 504[0m
[0mGET /js/toggle_friendships.js [32m200[0m 2.354 ms - 846[0m
[0mGET /users/profile/640ad883778008b83dd85125 [32m200[0m 1049.095 ms - 2825[0m
[0mGET /css/layout.css [32m200[0m 9.066 ms - 135[0m
[0mGET /css/header.css [32m200[0m 8.862 ms - 623[0m
[0mGET /css/footer.css [32m200[0m 10.487 ms - 504[0m
[0mGET /js/toggle_friendships.js [32m200[0m 42.974 ms - 846[0m
[0mGET /users/profile/640ad883778008b83dd85125 [36m304[0m 93.162 ms - -[0m
[0mGET /css/layout.css [36m304[0m 4.975 ms - -[0m
[0mGET /css/header.css [36m304[0m 5.284 ms - -[0m
[0mGET /css/footer.css [36m304[0m 35.097 ms - -[0m
[0mGET /js/toggle_friendships.js [36m304[0m 0.852 ms - -[0m
[0mGET /users/profile/640ad883778008b83dd85125 [36m304[0m 91.004 ms - -[0m
[0mGET /css/layout.css [36m304[0m 2.032 ms - -[0m
[0mGET /css/footer.css [36m304[0m 2.504 ms - -[0m
[0mGET /css/header.css [36m304[0m 3.154 ms - -[0m
[0mGET /js/toggle_friendships.js [36m304[0m 2.492 ms - -[0m
[0mGET /users/profile/640ad883778008b83dd85125 [32m200[0m 84.889 ms - 2825[0m
[0mGET /css/layout.css [36m304[0m 2.453 ms - -[0m
[0mGET /css/header.css [36m304[0m 3.627 ms - -[0m
[0mGET /css/footer.css [36m304[0m 1.829 ms - -[0m
[0mGET /css/user_profile.css [32m200[0m 7.128 ms - 456[0m
[0mGET /js/toggle_friendships.js [36m304[0m 2.748 ms - -[0m
[0mGET /css/user_profile.css [36m304[0m 0.848 ms - -[0m
[0mGET /css/layout.css [36m304[0m 3.215 ms - -[0m
[0mGET /css/footer.css [36m304[0m 0.975 ms - -[0m
[0mGET /css/header.css [36m304[0m 0.801 ms - -[0m
[0mGET /users/profile/640ad883778008b83dd85125 [32m200[0m 151.075 ms - 2912[0m
[0mGET /css/user_profile.css [32m200[0m 10.525 ms - 456[0m
[0mGET /css/layout.css [32m200[0m 10.452 ms - 135[0m
[0mGET /css/header.css [32m200[0m 9.137 ms - 623[0m
[0mGET /css/footer.css [32m200[0m 8.301 ms - 504[0m
[0mGET /js/toggle_friendships.js [32m200[0m 2.476 ms - 846[0m
[0mGET /users/profile/640ad883778008b83dd85125 [32m200[0m 81.386 ms - 2953[0m
[0mGET /css/layout.css [32m200[0m 6.199 ms - 135[0m
[0mGET /css/header.css [32m200[0m 7.332 ms - 623[0m
[0mGET /css/footer.css [32m200[0m 1.394 ms - 504[0m
[0mGET /js/toggle_friendships.js [32m200[0m 2.929 ms - 846[0m
[0mGET /users/profile/640ad883778008b83dd85125 [32m200[0m 113.681 ms - 2859[0m
[0mGET /css/header.css [32m200[0m 5.918 ms - 623[0m
[0mGET /css/layout.css [32m200[0m 9.464 ms - 135[0m
[0mGET /css/footer.css [32m200[0m 2.166 ms - 504[0m
[0mGET /js/toggle_friendships.js [32m200[0m 7.405 ms - 846[0m
[0mGET /users/profile/640ad883778008b83dd85125 [32m200[0m 263.425 ms - 3088[0m
[0mGET /css/header.css [32m200[0m 2.937 ms - 623[0m
[0mGET /css/layout.css [32m200[0m 3.229 ms - 135[0m
[0mGET /css/footer.css [32m200[0m 3.305 ms - 504[0m
[0mGET /js/toggle_friendships.js [32m200[0m 1502.911 ms - 846[0m
[0mGET /users/profile/640ad883778008b83dd85125 [32m200[0m 42.758 ms - 3088[0m
[0mGET /css/layout.css [32m200[0m 2.992 ms - 135[0m
[0mGET /css/header.css [32m200[0m 5.804 ms - 623[0m
[0mGET /css/footer.css [32m200[0m 6.996 ms - 504[0m
[0mGET /js/toggle_friendships.js [32m200[0m 2.440 ms - 846[0m
[0mGET /users/profile/640ad883778008b83dd85125 [32m200[0m 127.938 ms - 3088[0m
[0mGET /css/layout.css [32m200[0m 3.339 ms - 135[0m
[0mGET /css/header.css [32m200[0m 3.769 ms - 623[0m
[0mGET /css/footer.css [32m200[0m 4.811 ms - 504[0m
[0mGET /css/user_profile.css [32m200[0m 7.680 ms - 1163[0m
[0mGET /js/toggle_friendships.js [32m200[0m 2.501 ms - 846[0m
[0mGET /users/profile/640ad883778008b83dd85125 [32m200[0m 85.051 ms - 3088[0m
[0mGET /css/layout.css [32m200[0m 5.971 ms - 135[0m
[0mGET /css/header.css [32m200[0m 4.433 ms - 623[0m
[0mGET /css/footer.css [32m200[0m 1.826 ms - 504[0m
[0mGET /js/toggle_friendships.js [32m200[0m 2.333 ms - 846[0m
[0mGET /users/profile/640ad883778008b83dd85125 [32m200[0m 71.173 ms - 3088[0m
[0mGET /css/header.css [32m200[0m 1.623 ms - 623[0m
[0mGET /css/layout.css [32m200[0m 3.191 ms - 135[0m
[0mGET /css/footer.css [32m200[0m 4.109 ms - 504[0m
[0mGET /js/toggle_friendships.js [32m200[0m 1.507 ms - 846[0m
[0mPOST /users/update/640ad883778008b83dd85125 [36m302[0m 421.940 ms - 164[0m
[0mGET /users/profile/640ad883778008b83dd85125 [32m200[0m 27.935 ms - 3088[0m
[0mGET /css/user_profile.css [32m200[0m 3.113 ms - 1114[0m
[0mGET /css/layout.css [32m200[0m 6.580 ms - 135[0m
[0mGET /css/header.css [32m200[0m 5.403 ms - 623[0m
[0mGET /css/footer.css [32m200[0m 2.213 ms - 504[0m
[0mGET /js/toggle_friendships.js [32m200[0m 1.684 ms - 846[0m
[0mGET /uploads/users/avatars/avatar-1679165195299 [33m404[0m 42.782 ms - 181[0m
[0mGET /users/profile/640ad883778008b83dd85125 [32m200[0m 35.469 ms - 3088[0m
[0mGET /css/user_profile.css [32m200[0m 3.354 ms - 1114[0m
[0mGET /css/layout.css [32m200[0m 7.577 ms - 135[0m
[0mGET /css/header.css [32m200[0m 3.213 ms - 623[0m
[0mGET /css/footer.css [32m200[0m 3.687 ms - 504[0m
[0mGET /js/toggle_friendships.js [32m200[0m 2.146 ms - 846[0m
[0mGET /users/profile/640ad883778008b83dd85125 [32m200[0m 83.450 ms - 3088[0m
[0mGET /css/layout.css [32m200[0m 8.362 ms - 135[0m
[0mGET /css/footer.css [32m200[0m 7.847 ms - 504[0m
[0mGET /css/header.css [32m200[0m 9.556 ms - 623[0m
[0mGET /js/toggle_friendships.js [32m200[0m 4.762 ms - 846[0m
[0mGET /users/profile/640ad883778008b83dd85125 [32m200[0m 81.189 ms - 3088[0m
[0mGET /css/layout.css [32m200[0m 5.682 ms - 135[0m
[0mGET /css/header.css [32m200[0m 6.214 ms - 623[0m
[0mGET /css/footer.css [32m200[0m 6.521 ms - 504[0m
[0mGET /js/toggle_friendships.js [32m200[0m 4.254 ms - 846[0m
[0mGET /users/profile/640ad883778008b83dd85125 [36m302[0m 3.343 ms - 72[0m
[0mGET /users/sign-in [32m200[0m 19.662 ms - 2132[0m
[0mGET /css/layout.css [32m200[0m 8.518 ms - 135[0m
[0mGET /css/header.css [32m200[0m 8.290 ms - 623[0m
[0mGET /css/footer.css [32m200[0m 1.988 ms - 504[0m
[0mGET /users/sign-in [32m200[0m 37.888 ms - 2132[0m
[0mGET /css/layout.css [32m200[0m 8.596 ms - 135[0m
[0mGET /css/footer.css [32m200[0m 9.590 ms - 504[0m
[0mGET /css/header.css [32m200[0m 7.274 ms - 623[0m
[0mPOST /users/create-session [36m302[0m 38.045 ms - 46[0m
[0mGET / [32m200[0m 205.701 ms - 27722[0m
[0mGET /css/chatbox.css [32m200[0m 7.670 ms - 1281[0m
[0mGET /css/footer.css [32m200[0m 7.443 ms - 504[0m
[0mGET /css/header.css [32m200[0m 5.785 ms - 623[0m
[0mGET /css/layout.css [32m200[0m 5.752 ms - 135[0m
[0mGET /css/home.css [32m200[0m 11.464 ms - 315[0m
[0mGET /js/post_comments.js [32m200[0m 14.778 ms - 3407[0m
[0mGET /js/toggle_likes.js [32m200[0m 8.497 ms - 1118[0m
[0mGET /js/home_posts.js [32m200[0m 20.557 ms - 3937[0m
[0mGET /js/chat_engine.js [32m200[0m 12.229 ms - 1929[0m
[0mGET /users/profile/640ad883778008b83dd85125 [32m200[0m 44.635 ms - 3186[0m
[0mGET /css/layout.css [32m200[0m 3.580 ms - 135[0m
[0mGET /css/footer.css [32m200[0m 3.664 ms - 504[0m
[0mGET /css/header.css [32m200[0m 4.176 ms - 623[0m
[0mGET /js/toggle_friendships.js [32m200[0m 8.032 ms - 846[0m
[0mGET /users/profile/640ad883778008b83dd85125 [32m200[0m 235.933 ms - 3225[0m
[0mGET /css/layout.css [32m200[0m 8.833 ms - 135[0m
[0mGET /css/header.css [32m200[0m 10.286 ms - 623[0m
[0mGET /css/footer.css [32m200[0m 13.777 ms - 504[0m
[0mGET /js/toggle_friendships.js [32m200[0m 3.663 ms - 846[0m
[0mGET /users/profile/640ad883778008b83dd85125 [32m200[0m 82.321 ms - 3225[0m
[0mGET /css/user_profile.css [32m200[0m 4.345 ms - 692[0m
[0mGET /css/layout.css [32m200[0m 6.604 ms - 135[0m
[0mGET /css/header.css [32m200[0m 9.559 ms - 623[0m
[0mGET /css/footer.css [32m200[0m 12.590 ms - 504[0m
[0mGET /js/toggle_friendships.js [32m200[0m 5.248 ms - 846[0m
[0mGET /users/profile/640ad883778008b83dd85125 [32m200[0m 131.507 ms - 3225[0m
[0mGET /css/layout.css [32m200[0m 43.901 ms - 135[0m
[0mGET /css/header.css [32m200[0m 42.588 ms - 623[0m
[0mGET /css/footer.css [32m200[0m 45.443 ms - 504[0m
[0mGET /js/toggle_friendships.js [32m200[0m 5.271 ms - 846[0m
[0mGET /users/profile/640ad883778008b83dd85125 [32m200[0m 103.788 ms - 3225[0m
[0mGET /css/layout.css [32m200[0m 4.303 ms - 135[0m
[0mGET /css/header.css [32m200[0m 74.727 ms - 623[0m
[0mGET /css/footer.css [32m200[0m 34.402 ms - 504[0m
[0mGET /js/toggle_friendships.js [32m200[0m 2.415 ms - 846[0m
[0mGET /users/profile/640ad883778008b83dd85125 [32m200[0m 42.915 ms - 3225[0m
[0mGET /css/layout.css [32m200[0m 8.834 ms - 135[0m
[0mGET /css/footer.css [32m200[0m 2.898 ms - 504[0m
[0mGET /css/header.css [32m200[0m 8.092 ms - 623[0m
[0mGET /js/toggle_friendships.js [32m200[0m 4.924 ms - 846[0m
[0mGET /users/profile/640ad883778008b83dd85125 [32m200[0m 82.546 ms - 3225[0m
[0mGET /css/layout.css [32m200[0m 8.472 ms - 135[0m
[0mGET /css/header.css [32m200[0m 8.794 ms - 623[0m
[0mGET /css/footer.css [32m200[0m 9.082 ms - 504[0m
[0mGET /js/toggle_friendships.js [32m200[0m 5.721 ms - 846[0m
[0mGET /users/profile/640ad883778008b83dd85125 [32m200[0m 105.040 ms - 3225[0m
[0mGET /css/layout.css [32m200[0m 3.215 ms - 135[0m
[0mGET /css/header.css [32m200[0m 3.985 ms - 623[0m
[0mGET /css/footer.css [32m200[0m 4.210 ms - 504[0m
[0mGET /js/toggle_friendships.js [32m200[0m 1.901 ms - 846[0m
[0mGET /users/profile/640ad883778008b83dd85125 [32m200[0m 115.563 ms - 3225[0m
[0mGET /css/footer.css [32m200[0m 9.271 ms - 504[0m
[0mGET /css/header.css [32m200[0m 9.729 ms - 623[0m
[0mGET /css/layout.css [32m200[0m 10.216 ms - 135[0m
[0mGET /js/toggle_friendships.js [32m200[0m 5.858 ms - 846[0m
[0mGET /users/profile/640ad883778008b83dd85125 [32m200[0m 94.953 ms - 3225[0m
[0mGET /css/header.css [32m200[0m 10.215 ms - 623[0m
[0mGET /css/footer.css [32m200[0m 10.174 ms - 504[0m
[0mGET /css/layout.css [32m200[0m 8.896 ms - 135[0m
[0mGET /js/toggle_friendships.js [32m200[0m 3.328 ms - 846[0m
[0mGET /users/profile/640ad883778008b83dd85125 [32m200[0m 84.514 ms - 3225[0m
[0mGET /css/layout.css [32m200[0m 7.152 ms - 135[0m
[0mGET /css/header.css [32m200[0m 8.647 ms - 623[0m
[0mGET /css/footer.css [32m200[0m 8.721 ms - 504[0m
[0mGET /js/toggle_friendships.js [32m200[0m 8.725 ms - 846[0m
[0mGET /users/profile/640ad883778008b83dd85125 [32m200[0m 146.287 ms - 3225[0m
[0mGET /css/layout.css [32m200[0m 2.732 ms - 135[0m
[0mGET /css/header.css [32m200[0m 3.848 ms - 623[0m
[0mGET /css/footer.css [32m200[0m 28.727 ms - 504[0m
[0mGET /js/toggle_friendships.js [32m200[0m 2.324 ms - 846[0m
[0mPOST /users/update/640ad883778008b83dd85125 [36m302[0m 80.286 ms - 164[0m
[0mGET /users/profile/640ad883778008b83dd85125 [32m200[0m 31.128 ms - 3225[0m
[0mGET /css/user_profile.css [32m200[0m 9.101 ms - 943[0m
[0mGET /css/layout.css [32m200[0m 6.037 ms - 135[0m
[0mGET /css/header.css [32m200[0m 2.198 ms - 623[0m
[0mGET /css/footer.css [32m200[0m 5.696 ms - 504[0m
[0mGET /js/toggle_friendships.js [32m200[0m 3.649 ms - 846[0m
[0mGET /users/profile/640ad883778008b83dd85125 [32m200[0m 39.717 ms - 3225[0m
[0mGET /css/user_profile.css [32m200[0m 6.481 ms - 943[0m
[0mGET /css/layout.css [32m200[0m 11.176 ms - 135[0m
[0mGET /css/footer.css [32m200[0m 12.378 ms - 504[0m
[0mGET /css/header.css [32m200[0m 11.727 ms - 623[0m
[0mGET /js/toggle_friendships.js [32m200[0m 6.389 ms - 846[0m
[0mPOST /users/update/640ad883778008b83dd85125 [36m302[0m 22.894 ms - 164[0m
[0mGET /users/profile/640ad883778008b83dd85125 [32m200[0m 29.955 ms - 3225[0m
[0mGET /css/footer.css [32m200[0m 6.764 ms - 504[0m
[0mGET /css/layout.css [32m200[0m 12.912 ms - 135[0m
[0mGET /css/header.css [32m200[0m 13.028 ms - 623[0m
[0mGET /css/user_profile.css [32m200[0m 21.701 ms - 943[0m
[0mGET /js/toggle_friendships.js [32m200[0m 4.061 ms - 846[0m
[0mPOST /users/update/640ad883778008b83dd85125 [36m302[0m 21.295 ms - 164[0m
[0mGET /users/profile/640ad883778008b83dd85125 [32m200[0m 25.495 ms - 3225[0m
[0mGET /css/user_profile.css [32m200[0m 5.491 ms - 943[0m
[0mGET /css/layout.css [32m200[0m 9.627 ms - 135[0m
[0mGET /css/header.css [32m200[0m 7.995 ms - 623[0m
[0mGET /css/footer.css [32m200[0m 10.681 ms - 504[0m
[0mGET /js/toggle_friendships.js [32m200[0m 1.643 ms - 846[0m
[0mGET /users/profile/640ad883778008b83dd85125 [32m200[0m 67.419 ms - 3239[0m
[0mGET /css/header.css [32m200[0m 5.079 ms - 623[0m
[0mGET /css/layout.css [32m200[0m 4.822 ms - 135[0m
[0mGET /css/footer.css [32m200[0m 5.446 ms - 504[0m
[0mGET /css/user_profile.css [32m200[0m 7.592 ms - 943[0m
[0mGET /js/toggle_friendships.js [32m200[0m 1.651 ms - 846[0m
[0mGET /users/profile/640ad883778008b83dd85125 [32m200[0m 280.851 ms - 3223[0m
[0mGET /css/footer.css [32m200[0m 3.748 ms - 504[0m
[0mGET /css/layout.css [32m200[0m 6.529 ms - 135[0m
[0mGET /css/header.css [32m200[0m 8.724 ms - 623[0m
[0mGET /css/user_profile.css [32m200[0m 96.628 ms - 943[0m
[0mGET /js/toggle_friendships.js [32m200[0m 225.106 ms - 846[0m
[0mGET /users/profile/640ad883778008b83dd85125 [32m200[0m 72.610 ms - 3223[0m
[0mGET /css/layout.css [32m200[0m 5.655 ms - 135[0m
[0mGET /css/header.css [32m200[0m 7.060 ms - 623[0m
[0mGET /css/footer.css [32m200[0m 7.541 ms - 504[0m
[0mGET /js/toggle_friendships.js [32m200[0m 2.515 ms - 846[0m
[0mGET /users/profile/640ad883778008b83dd85125 [36m302[0m 3.051 ms - 72[0m
[0mGET /users/sign-in [32m200[0m 12.335 ms - 2132[0m
[0mGET /css/layout.css [32m200[0m 6.256 ms - 135[0m
[0mGET /css/header.css [32m200[0m 7.964 ms - 623[0m
[0mGET /css/footer.css [32m200[0m 8.068 ms - 504[0m
[0mGET /users/sign-in [32m200[0m 15.034 ms - 2132[0m
[0mGET /css/header.css [32m200[0m 2.738 ms - 623[0m
[0mGET /css/footer.css [32m200[0m 1.516 ms - 504[0m
[0mGET /css/layout.css [32m200[0m 1.389 ms - 135[0m
[0mGET /users/sign-in [32m200[0m 12.636 ms - 2132[0m
[0mGET /css/layout.css [32m200[0m 2.615 ms - 135[0m
[0mGET /css/header.css [32m200[0m 4.325 ms - 623[0m
[0mGET /css/footer.css [32m200[0m 2.491 ms - 504[0m
[0mPOST /users/create-session [36m302[0m 13.576 ms - 46[0m
[0mGET / [32m200[0m 173.570 ms - 27722[0m
[0mGET /css/home.css [32m200[0m 11.825 ms - 315[0m
[0mGET /css/header.css [32m200[0m 10.080 ms - 623[0m
[0mGET /css/footer.css [32m200[0m 10.510 ms - 504[0m
[0mGET /css/chatbox.css [32m200[0m 14.236 ms - 1281[0m
[0mGET /css/layout.css [32m200[0m 10.911 ms - 135[0m
[0mGET /js/post_comments.js [32m200[0m 61.604 ms - 3407[0m
[0mGET /js/home_posts.js [32m200[0m 56.368 ms - 3937[0m
[0mGET /js/toggle_likes.js [32m200[0m 53.944 ms - 1118[0m
[0mGET /js/chat_engine.js [32m200[0m 66.695 ms - 1929[0m
[0mGET /users/profile/640ad883778008b83dd85125 [32m200[0m 34.398 ms - 3237[0m
[0mGET /css/user_profile.css [32m200[0m 6.797 ms - 946[0m
[0mGET /css/layout.css [32m200[0m 5.389 ms - 135[0m
[0mGET /css/header.css [32m200[0m 6.558 ms - 623[0m
[0mGET /css/footer.css [32m200[0m 2.252 ms - 504[0m
[0mGET /js/toggle_friendships.js [32m200[0m 3.609 ms - 846[0m
[0mGET /users/profile/640ad883778008b83dd85125 [32m200[0m 68.445 ms - 3239[0m
[0mGET /css/layout.css [32m200[0m 9.246 ms - 135[0m
[0mGET /css/user_profile.css [32m200[0m 13.029 ms - 946[0m
[0mGET /css/header.css [32m200[0m 9.590 ms - 623[0m
[0mGET /css/footer.css [32m200[0m 6.346 ms - 504[0m
[0mGET /js/toggle_friendships.js [32m200[0m 1.967 ms - 846[0m
[0mGET /users/profile/640ad883778008b83dd85125 [32m200[0m 76.550 ms - 3239[0m
[0mGET /css/header.css [32m200[0m 3.785 ms - 623[0m
[0mGET /css/footer.css [32m200[0m 7.569 ms - 504[0m
[0mGET /css/layout.css [32m200[0m 10.014 ms - 135[0m
[0mGET /js/toggle_friendships.js [32m200[0m 4.945 ms - 846[0m
[0mGET /users/profile/640ad883778008b83dd85125 [32m200[0m 27.422 ms - 3239[0m
[0mGET /css/layout.css [32m200[0m 4.494 ms - 135[0m
[0mGET /css/header.css [32m200[0m 4.714 ms - 623[0m
[0mGET /js/toggle_friendships.js [32m200[0m 1.737 ms - 846[0m
[0mGET /css/footer.css [32m200[0m 2.163 ms - 504[0m
[0mGET /users/profile/640ad883778008b83dd85125 [32m200[0m 99.109 ms - 3239[0m
[0mGET /css/layout.css [32m200[0m 5.925 ms - 135[0m
[0mGET /css/header.css [32m200[0m 6.061 ms - 623[0m
[0mGET /css/footer.css [32m200[0m 1.278 ms - 504[0m
[0mGET /js/toggle_friendships.js [32m200[0m 3.328 ms - 846[0m
[0mGET /users/profile/640ad883778008b83dd85125 [32m200[0m 38.538 ms - 3239[0m
[0mGET /css/layout.css [32m200[0m 8.695 ms - 135[0m
[0mGET /css/header.css [32m200[0m 7.503 ms - 623[0m
[0mGET /css/footer.css [32m200[0m 8.151 ms - 504[0m
[0mGET /js/toggle_friendships.js [32m200[0m 9.930 ms - 846[0m
[0mGET /users/profile/640ad883778008b83dd85125 [32m200[0m 729.212 ms - 3239[0m
[0mGET /css/layout.css [32m200[0m 4.773 ms - 135[0m
[0mGET /css/header.css [32m200[0m 3.566 ms - 623[0m
[0mGET /css/footer.css [32m200[0m 3.953 ms - 504[0m
[0mGET /js/toggle_friendships.js [32m200[0m 2.965 ms - 846[0m
[0mGET /users/profile/640ad883778008b83dd85125 [32m200[0m 100.200 ms - 3239[0m
[0mGET /css/layout.css [32m200[0m 6.626 ms - 135[0m
[0mGET /css/header.css [32m200[0m 5.297 ms - 623[0m
[0mGET /css/footer.css [32m200[0m 2.676 ms - 504[0m
[0mGET /js/toggle_friendships.js [32m200[0m 3.784 ms - 846[0m
[0mGET /css/user_profile.css [32m200[0m 7.145 ms - 959[0m
[0mGET /css/layout.css [36m304[0m 1.189 ms - -[0m
[0mGET /css/header.css [36m304[0m 3.305 ms - -[0m
[0mGET /css/footer.css [36m304[0m 1.088 ms - -[0m
[0mGET /users/profile/640ad883778008b83dd85125 [32m200[0m 105.898 ms - 3239[0m
[0mGET /css/layout.css [32m200[0m 11.711 ms - 135[0m
[0mGET /css/header.css [32m200[0m 9.147 ms - 623[0m
[0mGET /css/footer.css [32m200[0m 11.135 ms - 504[0m
[0mGET /js/toggle_friendships.js [32m200[0m 6.541 ms - 846[0m
[0mGET /users/profile/640ad883778008b83dd85125 [32m200[0m 135.819 ms - 3187[0m
[0mGET /css/header.css [36m304[0m 1.879 ms - -[0m
[0mGET /css/layout.css [36m304[0m 2.136 ms - -[0m
[0mGET /css/footer.css [36m304[0m 3.015 ms - -[0m
[0mGET /js/toggle_friendships.js [36m304[0m 1.043 ms - -[0m
[0mGET /users/profile/640ad883778008b83dd85125 [36m304[0m 79.618 ms - -[0m
[0mGET /css/layout.css [36m304[0m 1.707 ms - -[0m
[0mGET /css/footer.css [36m304[0m 5.173 ms - -[0m
[0mGET /css/header.css [36m304[0m 0.882 ms - -[0m
[0mGET /js/toggle_friendships.js [36m304[0m 2.329 ms - -[0m
[0mGET /users/profile/640ad883778008b83dd85125 [36m304[0m 85.255 ms - -[0m
[0mGET /css/layout.css [36m304[0m 2.353 ms - -[0m
[0mGET /css/header.css [36m304[0m 4.833 ms - -[0m
[0mGET /css/footer.css [36m304[0m 0.724 ms - -[0m
[0mGET /js/toggle_friendships.js [36m304[0m 3.874 ms - -[0m
[0mGET /users/profile/640ad883778008b83dd85125 [32m200[0m 98.825 ms - 3193[0m
[0mGET /css/user_profile.css [32m200[0m 2.513 ms - 1068[0m
[0mGET /js/toggle_friendships.js [36m304[0m 10.989 ms - -[0m
[0mGET /css/layout.css [36m304[0m 5.393 ms - -[0m
[0mGET /css/header.css [36m304[0m 10.068 ms - -[0m
[0mGET /css/footer.css [36m304[0m 12.667 ms - -[0m
[0mGET /css/user_profile.css [36m304[0m 1.099 ms - -[0m
[0mGET /css/layout.css [36m304[0m 2.575 ms - -[0m
[0mGET /css/header.css [36m304[0m 1.515 ms - -[0m
[0mGET /css/footer.css [36m304[0m 0.818 ms - -[0m
[0mGET /users/profile/640ad883778008b83dd85125 [32m200[0m 72.956 ms - 3193[0m
[0mGET /css/layout.css [32m200[0m 8.490 ms - 135[0m
[0mGET /css/header.css [32m200[0m 9.119 ms - 623[0m
[0mGET /css/footer.css [32m200[0m 11.312 ms - 504[0m
[0mGET /js/toggle_friendships.js [32m200[0m 1.555 ms - 846[0m
[0mGET /users/profile/640ad883778008b83dd85125 [32m200[0m 77.241 ms - 3193[0m
[0mGET /css/layout.css [32m200[0m 11.448 ms - 135[0m
[0mGET /css/header.css [32m200[0m 2.259 ms - 623[0m
[0mGET /css/footer.css [32m200[0m 4.144 ms - 504[0m
[0mGET /js/toggle_friendships.js [32m200[0m 1.526 ms - 846[0m
[0mGET /users/profile/640ad883778008b83dd85125 [32m200[0m 90.035 ms - 3193[0m
[0mGET /css/layout.css [32m200[0m 3.920 ms - 135[0m
[0mGET /css/header.css [32m200[0m 4.171 ms - 623[0m
[0mGET /css/footer.css [32m200[0m 4.609 ms - 504[0m
[0mGET /js/toggle_friendships.js [32m200[0m 4.410 ms - 846[0m
[0mGET /users/profile/640ad883778008b83dd85125 [32m200[0m 77.672 ms - 3193[0m
[0mGET /css/layout.css [32m200[0m 32.090 ms - 135[0m
[0mGET /css/header.css [32m200[0m 32.816 ms - 623[0m
[0mGET /css/footer.css [32m200[0m 33.436 ms - 504[0m
[0mGET /js/toggle_friendships.js [32m200[0m 2.068 ms - 846[0m
[0mGET /users/profile/640ad883778008b83dd85125 [32m200[0m 101.533 ms - 3193[0m
[0mGET /css/layout.css [32m200[0m 8.231 ms - 135[0m
[0mGET /css/footer.css [32m200[0m 14.167 ms - 504[0m
[0mGET /css/header.css [32m200[0m 16.135 ms - 623[0m
[0mGET /js/toggle_friendships.js [32m200[0m 2.128 ms - 846[0m
[0mGET /users/profile/640ad883778008b83dd85125 [32m200[0m 91.990 ms - 3193[0m
[0mGET /css/layout.css [32m200[0m 11.838 ms - 135[0m
[0mGET /css/footer.css [32m200[0m 8.731 ms - 504[0m
[0mGET /css/header.css [32m200[0m 12.602 ms - 623[0m
[0mGET /js/toggle_friendships.js [32m200[0m 5.593 ms - 846[0m
[0mGET /users/profile/640ad883778008b83dd85125 [32m200[0m 71.379 ms - 3193[0m
[0mGET /css/layout.css [32m200[0m 5.137 ms - 135[0m
[0mGET /css/header.css [32m200[0m 16.715 ms - 623[0m
[0mGET /css/footer.css [32m200[0m 5.825 ms - 504[0m
[0mGET /js/toggle_friendships.js [32m200[0m 2.748 ms - 846[0m
[0mGET /css/user_profile.css [32m200[0m 2.426 ms - 1176[0m
[0mGET /css/header.css [36m304[0m 1.809 ms - -[0m
[0mGET /css/layout.css [36m304[0m 2.422 ms - -[0m
[0mGET /css/footer.css [36m304[0m 2.765 ms - -[0m
[0mGET /users/profile/640ad883778008b83dd85125 [32m200[0m 262.973 ms - 3193[0m
[0mGET /css/layout.css [32m200[0m 6.203 ms - 135[0m
[0mGET /css/header.css [32m200[0m 2.143 ms - 623[0m
[0mGET /css/footer.css [32m200[0m 4.934 ms - 504[0m
[0mGET /js/toggle_friendships.js [32m200[0m 2.900 ms - 846[0m
[0mGET /users/profile/640ad883778008b83dd85125 [32m200[0m 99.872 ms - 3188[0m
[0mGET /css/layout.css [32m200[0m 9.633 ms - 135[0m
[0mGET /css/footer.css [32m200[0m 10.376 ms - 504[0m
[0mGET /css/header.css [32m200[0m 7.683 ms - 623[0m
[0mGET /js/toggle_friendships.js [32m200[0m 2.736 ms - 846[0m
[0mGET /users/profile/640ad883778008b83dd85125 [32m200[0m 85.991 ms - 3207[0m
[0mGET /css/user_profile.css [32m200[0m 9.195 ms - 1287[0m
[0mGET /css/layout.css [32m200[0m 9.824 ms - 135[0m
[0mGET /css/header.css [32m200[0m 10.178 ms - 623[0m
[0mGET /css/footer.css [32m200[0m 10.591 ms - 504[0m
[0mGET /js/toggle_friendships.js [32m200[0m 17.331 ms - 846[0m
[0mGET /users/profile/640ad883778008b83dd85125 [32m200[0m 130.122 ms - 3207[0m
[0mGET /css/layout.css [32m200[0m 2.633 ms - 135[0m
[0mGET /css/header.css [32m200[0m 3.151 ms - 623[0m
[0mGET /css/footer.css [32m200[0m 2.922 ms - 504[0m
[0mGET /js/toggle_friendships.js [32m200[0m 2.383 ms - 846[0m
[0mGET /users/profile/640ad883778008b83dd85125 [32m200[0m 96.823 ms - 3207[0m
[0mGET /css/layout.css [32m200[0m 9.757 ms - 135[0m
[0mGET /css/header.css [32m200[0m 9.300 ms - 623[0m
[0mGET /css/footer.css [32m200[0m 1.424 ms - 504[0m
[0mGET /js/toggle_friendships.js [32m200[0m 3.688 ms - 846[0m
[0mGET /users/profile/640ad883778008b83dd85125 [32m200[0m 87.614 ms - 3207[0m
[0mGET /css/layout.css [32m200[0m 25.299 ms - 135[0m
[0mGET /css/header.css [32m200[0m 28.149 ms - 623[0m
[0mGET /css/footer.css [32m200[0m 29.628 ms - 504[0m
[0mGET /js/toggle_friendships.js [32m200[0m 1.654 ms - 846[0m
[0mGET /users/profile/640ad883778008b83dd85125 [32m200[0m 36.518 ms - 3207[0m
[0mGET /css/user_profile.css [32m200[0m 5.196 ms - 1343[0m
[0mGET /css/layout.css [32m200[0m 5.688 ms - 135[0m
[0mGET /css/footer.css [32m200[0m 6.151 ms - 504[0m
[0mGET /css/header.css [32m200[0m 5.413 ms - 623[0m
[0mGET /js/toggle_friendships.js [32m200[0m 1.858 ms - 846[0m
[0mGET /users/profile/640ad883778008b83dd85125 [32m200[0m 152.041 ms - 3207[0m
[0mGET /css/layout.css [32m200[0m 7.534 ms - 135[0m
[0mGET /css/footer.css [32m200[0m 8.329 ms - 504[0m
[0mGET /css/header.css [32m200[0m 9.800 ms - 623[0m
[0mGET /js/toggle_friendships.js [32m200[0m 2.279 ms - 846[0m
[0mGET /users/profile/640ad883778008b83dd85125 [32m200[0m 152.211 ms - 3207[0m
[0mGET /css/layout.css [32m200[0m 4.576 ms - 135[0m
[0mGET /css/header.css [32m200[0m 4.399 ms - 623[0m
[0mGET /css/footer.css [32m200[0m 2.098 ms - 504[0m
[0mGET /js/toggle_friendships.js [32m200[0m 3.216 ms - 846[0m
[0mGET /users/profile/640ad883778008b83dd85125 [32m200[0m 92.049 ms - 3207[0m
[0mGET /css/layout.css [32m200[0m 6.299 ms - 135[0m
[0mGET /css/header.css [32m200[0m 6.574 ms - 623[0m
[0mGET /css/footer.css [32m200[0m 4.924 ms - 504[0m
[0mGET /js/toggle_friendships.js [32m200[0m 1.761 ms - 846[0m
[0mGET /users/profile/640ad883778008b83dd85125 [32m200[0m 85.530 ms - 3207[0m
[0mGET /css/layout.css [32m200[0m 5.183 ms - 135[0m
[0mGET /css/header.css [32m200[0m 6.278 ms - 623[0m
[0mGET /css/footer.css [32m200[0m 7.462 ms - 504[0m
[0mGET /js/toggle_friendships.js [32m200[0m 3.648 ms - 846[0m
[0mGET /users/profile/640ad883778008b83dd85125 [32m200[0m 82.019 ms - 3207[0m
[0mGET /css/layout.css [32m200[0m 6.663 ms - 135[0m
[0mGET /css/header.css [32m200[0m 6.917 ms - 623[0m
[0mGET /css/footer.css [32m200[0m 7.787 ms - 504[0m
[0mGET /js/toggle_friendships.js [32m200[0m 5.098 ms - 846[0m
[0mGET /users/profile/640ad883778008b83dd85125 [32m200[0m 60.973 ms - 3207[0m
[0mGET /css/layout.css [32m200[0m 9.820 ms - 135[0m
[0mGET /css/header.css [32m200[0m 3.704 ms - 623[0m
[0mGET /css/footer.css [32m200[0m 3.210 ms - 504[0m
[0mGET /js/toggle_friendships.js [32m200[0m 10.640 ms - 846[0m
[0mGET /users/profile/640ad883778008b83dd85125 [32m200[0m 138.704 ms - 3207[0m
[0mGET /css/header.css [32m200[0m 6.095 ms - 623[0m
[0mGET /css/layout.css [32m200[0m 7.963 ms - 135[0m
[0mGET /css/footer.css [32m200[0m 6.917 ms - 504[0m
[0mGET /js/toggle_friendships.js [32m200[0m 2.815 ms - 846[0m
[0mGET /users/profile/640ad883778008b83dd85125 [32m200[0m 78.447 ms - 3207[0m
[0mGET /css/header.css [32m200[0m 5.350 ms - 623[0m
[0mGET /css/footer.css [32m200[0m 4.122 ms - 504[0m
[0mGET /css/layout.css [32m200[0m 4.883 ms - 135[0m
[0mGET /js/toggle_friendships.js [32m200[0m 6.140 ms - 846[0m
[0mGET /users/profile/640ad883778008b83dd85125 [32m200[0m 99.496 ms - 3207[0m
[0mGET /css/header.css [32m200[0m 7.418 ms - 623[0m
[0mGET /css/footer.css [32m200[0m 8.116 ms - 504[0m
[0mGET /css/layout.css [32m200[0m 10.303 ms - 135[0m
[0mGET /js/toggle_friendships.js [32m200[0m 5.750 ms - 846[0m
[0mGET /users/profile/640ad883778008b83dd85125 [32m200[0m 31.042 ms - 3207[0m
[0mGET /css/layout.css [32m200[0m 10.252 ms - 135[0m
[0mGET /css/header.css [32m200[0m 11.778 ms - 623[0m
[0mGET /css/footer.css [32m200[0m 12.463 ms - 504[0m
[0mGET /js/toggle_friendships.js [32m200[0m 6.139 ms - 846[0m
[0mGET /users/profile/640ad883778008b83dd85125 [32m200[0m 191.309 ms - 3207[0m
[0mGET /css/header.css [32m200[0m 5.019 ms - 623[0m
[0mGET /css/layout.css [32m200[0m 8.672 ms - 135[0m
[0mGET /css/footer.css [32m200[0m 1.357 ms - 504[0m
[0mGET /js/toggle_friendships.js [32m200[0m 2.105 ms - 846[0m
[0mGET /users/profile/640ad883778008b83dd85125 [32m200[0m 66.794 ms - 3226[0m
[0mGET /css/footer.css [32m200[0m 3.595 ms - 504[0m
[0mGET /css/header.css [32m200[0m 6.121 ms - 623[0m
[0mGET /css/layout.css [32m200[0m 5.459 ms - 135[0m
[0mGET /js/toggle_friendships.js [32m200[0m 3.306 ms - 846[0m
[0mGET /users/profile/640ad883778008b83dd85125 [32m200[0m 92.121 ms - 3226[0m
[0mGET /css/layout.css [32m200[0m 40.647 ms - 135[0m
[0mGET /css/header.css [32m200[0m 14.844 ms - 623[0m
[0mGET /css/footer.css [32m200[0m 15.081 ms - 504[0m
[0mGET /js/toggle_friendships.js [32m200[0m 6.679 ms - 846[0m
[0mGET /users/profile/640ad883778008b83dd85125 [32m200[0m 58.314 ms - 3226[0m
[0mGET /css/layout.css [32m200[0m 11.849 ms - 135[0m
[0mGET /css/header.css [32m200[0m 14.369 ms - 623[0m
[0mGET /css/footer.css [32m200[0m 13.743 ms - 504[0m
[0mGET /js/toggle_friendships.js [32m200[0m 2.216 ms - 846[0m
[0mGET /users/profile/640ad883778008b83dd85125 [32m200[0m 115.170 ms - 3226[0m
[0mGET /css/layout.css [32m200[0m 6.203 ms - 135[0m
[0mGET /css/header.css [32m200[0m 7.883 ms - 623[0m
[0mGET /css/footer.css [32m200[0m 3.532 ms - 504[0m
[0mGET /js/toggle_friendships.js [32m200[0m 2.113 ms - 846[0m
[0mGET /users/profile/640ad883778008b83dd85125 [32m200[0m 73.087 ms - 3226[0m
[0mGET /css/header.css [32m200[0m 9.415 ms - 623[0m
[0mGET /css/layout.css [32m200[0m 14.667 ms - 135[0m
[0mGET /css/footer.css [32m200[0m 10.742 ms - 504[0m
[0mGET /js/toggle_friendships.js [32m200[0m 4.300 ms - 846[0m
[0mGET /users/profile/640ad883778008b83dd85125 [32m200[0m 97.247 ms - 3226[0m
[0mGET /css/layout.css [32m200[0m 9.309 ms - 135[0m
[0mGET /css/header.css [32m200[0m 11.566 ms - 623[0m
[0mGET /css/footer.css [32m200[0m 14.117 ms - 504[0m
[0mGET /js/toggle_friendships.js [32m200[0m 1.437 ms - 846[0m
[0mGET /users/profile/640ad883778008b83dd85125 [32m200[0m 84.218 ms - 3226[0m
[0mGET /css/header.css [32m200[0m 6.495 ms - 623[0m
[0mGET /css/footer.css [32m200[0m 3.946 ms - 504[0m
[0mGET /css/layout.css [32m200[0m 100.709 ms - 135[0m
[0mGET /js/toggle_friendships.js [32m200[0m 3.773 ms - 846[0m
[0mGET /users/profile/640ad883778008b83dd85125 [32m200[0m 49.750 ms - 3226[0m
[0mGET /css/header.css [32m200[0m 8.247 ms - 623[0m
[0mGET /css/layout.css [32m200[0m 8.629 ms - 135[0m
[0mGET /css/footer.css [32m200[0m 7.371 ms - 504[0m
[0mGET /js/toggle_friendships.js [32m200[0m 1.783 ms - 846[0m
[0mGET /users/profile/640ad883778008b83dd85125 [32m200[0m 76.955 ms - 3226[0m
[0mGET /css/layout.css [32m200[0m 4.882 ms - 135[0m
[0mGET /css/header.css [32m200[0m 4.938 ms - 623[0m
[0mGET /css/footer.css [32m200[0m 4.874 ms - 504[0m
[0mGET /js/toggle_friendships.js [32m200[0m 2.337 ms - 846[0m
[0mGET / [32m200[0m 129.157 ms - 27488[0m
[0mGET /css/home.css [32m200[0m 4.810 ms - 315[0m
[0mGET /css/chatbox.css [32m200[0m 6.304 ms - 1281[0m
[0mGET /css/layout.css [32m200[0m 11.421 ms - 135[0m
[0mGET /css/header.css [32m200[0m 2.380 ms - 623[0m
[0mGET /js/post_comments.js [32m200[0m 4.691 ms - 3407[0m
[0mGET /css/footer.css [32m200[0m 7.509 ms - 504[0m
[0mGET /js/home_posts.js [32m200[0m 13.007 ms - 3937[0m
[0mGET /js/toggle_likes.js [32m200[0m 3.065 ms - 1118[0m
[0mGET /js/chat_engine.js [32m200[0m 8.832 ms - 1929[0m
[0mGET /users/profile/640ad883778008b83dd85125 [32m200[0m 50.777 ms - 3226[0m
[0mGET /css/user_profile.css [32m200[0m 5.284 ms - 1661[0m
[0mGET /css/layout.css [32m200[0m 7.306 ms - 135[0m
[0mGET /css/header.css [32m200[0m 7.441 ms - 623[0m
[0mGET /css/footer.css [32m200[0m 6.167 ms - 504[0m
[0mGET /js/toggle_friendships.js [32m200[0m 3.567 ms - 846[0m
[0mGET / [32m200[0m 141.399 ms - 27488[0m
[0mGET /js/post_comments.js [32m200[0m 5.160 ms - 3407[0m
[0mGET /css/home.css [32m200[0m 10.179 ms - 315[0m
[0mGET /css/chatbox.css [32m200[0m 10.738 ms - 1281[0m
[0mGET /css/header.css [32m200[0m 10.881 ms - 623[0m
[0mGET /css/layout.css [32m200[0m 11.164 ms - 135[0m
[0mGET /css/footer.css [32m200[0m 10.359 ms - 504[0m
[0mGET /js/home_posts.js [32m200[0m 4.005 ms - 3937[0m
[0mGET /js/toggle_likes.js [32m200[0m 2.801 ms - 1118[0m
[0mGET /js/chat_engine.js [32m200[0m 5.517 ms - 1929[0m
[0mGET /users/profile/63fe53f413d3edbea80676bf [32m200[0m 40.737 ms - 2544[0m
[0mGET /css/user_profile.css [32m200[0m 1.938 ms - 1661[0m
[0mGET /css/layout.css [32m200[0m 3.565 ms - 135[0m
[0mGET /css/header.css [32m200[0m 4.064 ms - 623[0m
[0mGET /css/footer.css [32m200[0m 4.583 ms - 504[0m
[0mGET /js/toggle_friendships.js [32m200[0m 8.499 ms - 846[0m
[0mGET / [32m200[0m 93.816 ms - 27488[0m
[0mGET /css/chatbox.css [32m200[0m 3.493 ms - 1281[0m
[0mGET /css/home.css [32m200[0m 6.308 ms - 315[0m
[0mGET /css/layout.css [32m200[0m 4.406 ms - 135[0m
[0mGET /css/header.css [32m200[0m 1.638 ms - 623[0m
[0mGET /js/post_comments.js [32m200[0m 6.551 ms - 3407[0m
[0mGET /css/footer.css [32m200[0m 8.065 ms - 504[0m
[0mGET /js/home_posts.js [32m200[0m 1.680 ms - 3937[0m
[0mGET /js/toggle_likes.js [32m200[0m 5.665 ms - 1118[0m
[0mGET /js/chat_engine.js [32m200[0m 6.989 ms - 1929[0m
[0mGET /users/profile/63fe53f413d3edbea80676bf [32m200[0m 88.950 ms - 2544[0m
[0mGET /css/user_profile.css [32m200[0m 14.198 ms - 1661[0m
[0mGET /css/footer.css [32m200[0m 14.236 ms - 504[0m
[0mGET /css/header.css [32m200[0m 14.580 ms - 623[0m
[0mGET /css/layout.css [32m200[0m 16.647 ms - 135[0m
[0mGET /js/toggle_friendships.js [32m200[0m 11.747 ms - 846[0m
[0mGET /users/profile/640ad883778008b83dd85125 [32m200[0m 47.026 ms - 3226[0m
[0mGET /css/user_profile.css [32m200[0m 15.408 ms - 1661[0m
[0mGET /css/layout.css [32m200[0m 16.364 ms - 135[0m
[0mGET /css/header.css [32m200[0m 16.833 ms - 623[0m
[0mGET /css/footer.css [32m200[0m 17.885 ms - 504[0m
[0mGET /js/toggle_friendships.js [32m200[0m 3.551 ms - 846[0m
[0mGET /users/profile/640ad883778008b83dd85125 [32m200[0m 138.585 ms - 3226[0m
[0mGET /css/header.css [32m200[0m 11.408 ms - 623[0m
[0mGET /css/layout.css [32m200[0m 12.561 ms - 135[0m
[0mGET /css/footer.css [32m200[0m 14.223 ms - 504[0m
[0mGET /js/toggle_friendships.js [32m200[0m 2.591 ms - 846[0m
[0mGET /users/profile/640ad883778008b83dd85125 [32m200[0m 60.154 ms - 3226[0m
[0mGET /css/header.css [32m200[0m 3.206 ms - 623[0m
[0mGET /css/footer.css [32m200[0m 5.843 ms - 504[0m
[0mGET /css/layout.css [32m200[0m 8.193 ms - 135[0m
[0mGET /js/toggle_friendships.js [32m200[0m 5.582 ms - 846[0m
[0mGET /users/profile/640ad883778008b83dd85125 [32m200[0m 91.715 ms - 3226[0m
[0mGET /css/layout.css [32m200[0m 3.958 ms - 135[0m
[0mGET /css/header.css [32m200[0m 2.932 ms - 623[0m
[0mGET /css/footer.css [32m200[0m 3.161 ms - 504[0m
[0mGET /js/toggle_friendships.js [32m200[0m 7.293 ms - 846[0m
[0mGET /users/profile/640ad883778008b83dd85125 [36m304[0m 116.373 ms - -[0m
[0mGET /css/layout.css [36m304[0m 10.122 ms - -[0m
[0mGET /css/header.css [36m304[0m 2.117 ms - -[0m
[0mGET /css/footer.css [36m304[0m 2.298 ms - -[0m
[0mGET /js/toggle_friendships.js [36m304[0m 4.474 ms - -[0m
[0mGET /css/header.css [36m304[0m 2.381 ms - -[0m
[0mGET /css/layout.css [36m304[0m 3.015 ms - -[0m
[0mGET /css/user_profile.css [32m200[0m 5.482 ms - 1688[0m
[0mGET /css/footer.css [36m304[0m 0.798 ms - -[0m
[0mGET /users/profile/640ad883778008b83dd85125 [32m200[0m 74.238 ms - 3226[0m
[0mGET /css/header.css [32m200[0m 14.135 ms - 623[0m
[0mGET /css/footer.css [32m200[0m 10.712 ms - 504[0m
[0mGET /css/layout.css [32m200[0m 11.146 ms - 135[0m
[0mGET /js/toggle_friendships.js [32m200[0m 7.787 ms - 846[0m
[0mGET /users/profile/640ad883778008b83dd85125 [32m200[0m 53.445 ms - 3226[0m
[0mGET /css/layout.css [32m200[0m 11.084 ms - 135[0m
[0mGET /css/header.css [32m200[0m 12.911 ms - 623[0m
[0mGET /css/footer.css [32m200[0m 13.062 ms - 504[0m
[0mGET /js/toggle_friendships.js [32m200[0m 1.516 ms - 846[0m
[0mGET /users/profile/640ad883778008b83dd85125 [32m200[0m 75.560 ms - 3226[0m
[0mGET /css/header.css [32m200[0m 4.269 ms - 623[0m
[0mGET /css/layout.css [32m200[0m 8.366 ms - 135[0m
[0mGET /css/footer.css [32m200[0m 4.570 ms - 504[0m
[0mGET /js/toggle_friendships.js [32m200[0m 3.730 ms - 846[0m
[0mGET /users/profile/640ad883778008b83dd85125 [32m200[0m 122.888 ms - 3226[0m
[0mGET /css/layout.css [32m200[0m 8.031 ms - 135[0m
[0mGET /css/footer.css [32m200[0m 9.216 ms - 504[0m
[0mGET /css/header.css [32m200[0m 11.181 ms - 623[0m
[0mGET /js/toggle_friendships.js [32m200[0m 3.826 ms - 846[0m
[0mGET /users/profile/640ad883778008b83dd85125 [32m200[0m 113.344 ms - 3226[0m
[0mGET /css/layout.css [32m200[0m 8.634 ms - 135[0m
[0mGET /css/footer.css [32m200[0m 2.091 ms - 504[0m
[0mGET /css/header.css [32m200[0m 12.517 ms - 623[0m
[0mGET /js/toggle_friendships.js [32m200[0m 3.754 ms - 846[0m
[0mGET /users/profile/640ad883778008b83dd85125 [32m200[0m 163.550 ms - 3226[0m
[0mGET /css/layout.css [32m200[0m 118.480 ms - 135[0m
[0mGET /css/header.css [32m200[0m 119.803 ms - 623[0m
[0mGET /css/footer.css [32m200[0m 116.966 ms - 504[0m
[0mGET /js/toggle_friendships.js [32m200[0m 83.069 ms - 846[0m
[0mGET /css/header.css [36m304[0m 1.913 ms - -[0m
[0mGET /css/footer.css [36m304[0m 2.001 ms - -[0m
[0mGET /css/layout.css [36m304[0m 2.254 ms - -[0m
[0mGET /css/user_profile.css [32m200[0m 7.543 ms - 1712[0m
[0mGET /users/profile/640ad883778008b83dd85125 [32m200[0m 63.992 ms - 3226[0m
[0mGET /css/layout.css [32m200[0m 9.043 ms - 135[0m
[0mGET /css/header.css [32m200[0m 9.215 ms - 623[0m
[0mGET /css/footer.css [32m200[0m 10.091 ms - 504[0m
[0mGET /js/toggle_friendships.js [32m200[0m 2.534 ms - 846[0m
[0mGET /users/profile/640ad883778008b83dd85125 [36m304[0m 36.237 ms - -[0m
[0mGET /css/user_profile.css [32m200[0m 10.605 ms - 1711[0m
[0mGET /css/layout.css [36m304[0m 3.845 ms - -[0m
[0mGET /css/footer.css [36m304[0m 0.912 ms - -[0m
[0mGET /css/header.css [36m304[0m 1.908 ms - -[0m
[0mGET /js/toggle_friendships.js [36m304[0m 5.299 ms - -[0m
[0mGET / [36m304[0m 94.252 ms - -[0m
[0mGET /css/home.css [36m304[0m 0.800 ms - -[0m
[0mGET /css/chatbox.css [36m304[0m 1.269 ms - -[0m
[0mGET /js/post_comments.js [36m304[0m 8.600 ms - -[0m
[0mGET /js/home_posts.js [36m304[0m 5.326 ms - -[0m
[0mGET /js/toggle_likes.js [36m304[0m 2.941 ms - -[0m
[0mGET /css/header.css [36m304[0m 4.415 ms - -[0m
[0mGET /css/footer.css [36m304[0m 47.285 ms - -[0m
[0mGET /css/layout.css [36m304[0m 48.697 ms - -[0m
[0mGET /js/chat_engine.js [36m304[0m 5.345 ms - -[0m
[0mGET /users/profile/63fe53f413d3edbea80676bf [36m304[0m 34.990 ms - -[0m
[0mGET /css/user_profile.css [36m304[0m 1.185 ms - -[0m
[0mGET /css/header.css [36m304[0m 3.753 ms - -[0m
[0mGET /css/layout.css [36m304[0m 5.464 ms - -[0m
[0mGET /css/footer.css [36m304[0m 0.838 ms - -[0m
[0mGET /js/toggle_friendships.js [36m304[0m 2.322 ms - -[0m
[0mGET /users/profile/63fe53f413d3edbea80676bf [36m304[0m 62.968 ms - -[0m
[0mGET /js/toggle_friendships.js [36m304[0m 3.062 ms - -[0m
[0mGET /css/header.css [36m304[0m 2.685 ms - -[0m
[0mGET /css/footer.css [36m304[0m 3.252 ms - -[0m
[0mGET /css/layout.css [36m304[0m 8.888 ms - -[0m
[0mGET /css/layout.css [36m304[0m 1.445 ms - -[0m
[0mGET /css/header.css [36m304[0m 2.193 ms - -[0m
[0mGET /css/user_profile.css [32m200[0m 4.687 ms - 1777[0m
[0mGET /css/footer.css [36m304[0m 0.798 ms - -[0m
[0mGET /users/profile/63fe53f413d3edbea80676bf [32m200[0m 121.903 ms - 2544[0m
[0mGET /css/layout.css [32m200[0m 13.548 ms - 135[0m
[0mGET /css/footer.css [32m200[0m 12.930 ms - 504[0m
[0mGET /css/header.css [32m200[0m 13.094 ms - 623[0m
[0mGET /js/toggle_friendships.js [32m200[0m 2.110 ms - 846[0m
[0mGET /users/profile/63fe53f413d3edbea80676bf [32m200[0m 217.000 ms - 2544[0m
[0mGET /css/layout.css [32m200[0m 10.105 ms - 135[0m
[0mGET /css/header.css [32m200[0m 10.313 ms - 623[0m
[0mGET /css/footer.css [32m200[0m 10.579 ms - 504[0m
[0mGET /js/toggle_friendships.js [32m200[0m 1.539 ms - 846[0m
[0mGET /users/profile/63fe53f413d3edbea80676bf [32m200[0m 155.973 ms - 2544[0m
[0mGET /css/header.css [32m200[0m 5.199 ms - 623[0m
[0mGET /css/footer.css [32m200[0m 9.843 ms - 504[0m
[0mGET /css/layout.css [32m200[0m 2.216 ms - 135[0m
[0mGET /js/toggle_friendships.js [32m200[0m 2.232 ms - 846[0m
[0mGET /users/profile/63fe53f413d3edbea80676bf [32m200[0m 93.675 ms - 2544[0m
[0mGET /css/layout.css [32m200[0m 28.666 ms - 135[0m
[0mGET /css/header.css [32m200[0m 43.528 ms - 623[0m
[0mGET /css/footer.css [32m200[0m 44.009 ms - 504[0m
[0mGET /js/toggle_friendships.js [32m200[0m 3.877 ms - 846[0m
[0mGET /users/profile/63fe53f413d3edbea80676bf [32m200[0m 95.608 ms - 2544[0m
[0mGET /css/layout.css [32m200[0m 3.761 ms - 135[0m
[0mGET /css/header.css [32m200[0m 3.597 ms - 623[0m
[0mGET /css/footer.css [32m200[0m 1.602 ms - 504[0m
[0mGET /js/toggle_friendships.js [32m200[0m 3.603 ms - 846[0m
[0mGET /users/profile/63fe53f413d3edbea80676bf [32m200[0m 83.520 ms - 2577[0m
[0mGET /css/user_profile.css [32m200[0m 10.032 ms - 1947[0m
[0mGET /css/layout.css [32m200[0m 6.331 ms - 135[0m
[0mGET /css/footer.css [32m200[0m 4.403 ms - 504[0m
[0mGET /css/header.css [32m200[0m 1.769 ms - 623[0m
[0mGET /js/toggle_friendships.js [32m200[0m 1.800 ms - 846[0m
