[0mGET /users/profile/63fe53f413d3edbea80676bf [32m200[0m 74.457 ms - 2577[0m
[0mGET /css/footer.css [32m200[0m 9.601 ms - 504[0m
[0mGET /css/header.css [32m200[0m 11.179 ms - 623[0m
[0mGET /css/layout.css [32m200[0m 14.004 ms - 135[0m
[0mGET /js/toggle_friendships.js [32m200[0m 1.609 ms - 846[0m
[0mGET /users/profile/63fe53f413d3edbea80676bf [32m200[0m 45.363 ms - 2577[0m
[0mGET /css/layout.css [32m200[0m 3.353 ms - 135[0m
[0mGET /css/header.css [32m200[0m 1.292 ms - 623[0m
[0mGET /css/footer.css [32m200[0m 1.956 ms - 504[0m
[0mGET /js/toggle_friendships.js [32m200[0m 1.441 ms - 846[0m
[0mGET /users/profile/63fe53f413d3edbea80676bf [32m200[0m 60.595 ms - 2577[0m
[0mGET /css/footer.css [32m200[0m 4.654 ms - 504[0m
[0mGET /css/header.css [32m200[0m 1.113 ms - 623[0m
[0mGET /css/layout.css [32m200[0m 19.585 ms - 135[0m
[0mGET /js/toggle_friendships.js [32m200[0m 18.632 ms - 846[0m
[0mGET /users/profile/63fe53f413d3edbea80676bf [32m200[0m 58.078 ms - 2577[0m
[0mGET /css/header.css [32m200[0m 4.476 ms - 623[0m
[0mGET /css/layout.css [32m200[0m 6.228 ms - 135[0m
[0mGET /css/footer.css [32m200[0m 22.166 ms - 504[0m
[0mGET /js/toggle_friendships.js [32m200[0m 2.903 ms - 846[0m
[0mGET /users/profile/63fe53f413d3edbea80676bf [32m200[0m 70.197 ms - 2577[0m
[0mGET /css/layout.css [32m200[0m 5.611 ms - 135[0m
[0mGET /css/header.css [32m200[0m 4.984 ms - 623[0m
[0mGET /css/footer.css [32m200[0m 1.689 ms - 504[0m
[0mGET /js/toggle_friendships.js [32m200[0m 2.145 ms - 846[0m
[0mPOST /users/profile/friendships/toggle/63fe53f413d3edbea80676bf [32m200[0m 201.795 ms - 57[0m
[0mPOST /users/profile/friendships/toggle/63fe53f413d3edbea80676bf [32m200[0m 91.084 ms - 58[0m
[0mGET /users/profile/63fe53f413d3edbea80676bf [32m200[0m 61.900 ms - 2577[0m
[0mGET /css/user_profile.css [32m200[0m 11.083 ms - 2047[0m
[0mGET /css/footer.css [32m200[0m 10.901 ms - 504[0m
[0mGET /css/layout.css [32m200[0m 12.440 ms - 135[0m
[0mGET /css/header.css [32m200[0m 1.739 ms - 623[0m
[0mGET /js/toggle_friendships.js [32m200[0m 2.500 ms - 846[0m
[0mPOST /users/profile/friendships/toggle/63fe53f413d3edbea80676bf [32m200[0m 41.436 ms - 57[0m
[0mGET /users/profile/63fe53f413d3edbea80676bf [32m200[0m 44.465 ms - 2541[0m
[0mGET /css/user_profile.css [32m200[0m 7.074 ms - 2047[0m
[0mGET /css/layout.css [32m200[0m 8.963 ms - 135[0m
[0mGET /css/footer.css [32m200[0m 8.890 ms - 504[0m
[0mGET /css/header.css [32m200[0m 12.888 ms - 623[0m
[0mGET /js/toggle_friendships.js [32m200[0m 5.408 ms - 846[0m
[0mPOST /users/profile/friendships/toggle/63fe53f413d3edbea80676bf [32m200[0m 47.631 ms - 58[0m
[0mPOST /users/profile/friendships/toggle/63fe53f413d3edbea80676bf [32m200[0m 22.696 ms - 57[0m
[0mGET /users/profile/63fe53f413d3edbea80676bf [32m200[0m 126.189 ms - 2554[0m
[0mGET /css/user_profile.css [32m200[0m 14.911 ms - 2047[0m
[0mGET /css/layout.css [32m200[0m 7.103 ms - 135[0m
[0mGET /css/header.css [32m200[0m 9.077 ms - 623[0m
[0mGET /css/footer.css [32m200[0m 13.747 ms - 504[0m
[0mGET /js/toggle_friendships.js [32m200[0m 63.240 ms - 846[0m
[0mGET /users/profile/63fe53f413d3edbea80676bf [32m200[0m 84.421 ms - 2554[0m
[0mGET /css/layout.css [32m200[0m 35.274 ms - 135[0m
[0mGET /css/footer.css [32m200[0m 7.651 ms - 504[0m
[0mGET /css/header.css [32m200[0m 6.549 ms - 623[0m
[0mGET /js/toggle_friendships.js [32m200[0m 1.277 ms - 846[0m
[0mGET /users/profile/63fe53f413d3edbea80676bf [32m200[0m 120.522 ms - 2554[0m
[0mGET /js/toggle_friendships.js [32m200[0m 133.473 ms - 872[0m
[0mGET /users/profile/63fe53f413d3edbea80676bf [32m200[0m 54.364 ms - 2554[0m
[0mGET /css/layout.css [32m200[0m 9.614 ms - 135[0m
[0mGET /css/header.css [32m200[0m 10.972 ms - 623[0m
[0mGET /css/user_profile.css [32m200[0m 16.835 ms - 2099[0m
[0mGET /css/footer.css [32m200[0m 3.157 ms - 504[0m
[0mGET /js/toggle_friendships.js [32m200[0m 5.517 ms - 872[0m
[0mPOST /users/profile/friendships/toggle/63fe53f413d3edbea80676bf [32m200[0m 54.432 ms - 58[0m
[0mPOST /users/profile/friendships/toggle/63fe53f413d3edbea80676bf [32m200[0m 30.630 ms - 57[0m
[0mGET /users/profile/63fe53f413d3edbea80676bf [32m200[0m 51.728 ms - 2554[0m
[0mGET /css/user_profile.css [32m200[0m 5.049 ms - 2099[0m
[0mGET /css/layout.css [32m200[0m 15.007 ms - 135[0m
[0mGET /css/header.css [32m200[0m 16.194 ms - 623[0m
[0mGET /css/footer.css [32m200[0m 17.437 ms - 504[0m
[0mGET /js/toggle_friendships.js [32m200[0m 2.677 ms - 872[0m
[0mPOST /users/profile/friendships/toggle/63fe53f413d3edbea80676bf [32m200[0m 33.343 ms - 58[0m
[0mPOST /users/profile/friendships/toggle/63fe53f413d3edbea80676bf [32m200[0m 31.717 ms - 57[0m
[0mPOST /users/profile/friendships/toggle/63fe53f413d3edbea80676bf [32m200[0m 34.460 ms - 58[0m
[0mPOST /users/profile/friendships/toggle/63fe53f413d3edbea80676bf [32m200[0m 30.292 ms - 57[0m
[0mPOST /users/profile/friendships/toggle/63fe53f413d3edbea80676bf [32m200[0m 32.575 ms - 58[0m
[0mGET /users/profile/63fe53f413d3edbea80676bf [32m200[0m 35.091 ms - 2591[0m
[0mGET /css/user_profile.css [32m200[0m 8.871 ms - 2099[0m
[0mGET /css/header.css [32m200[0m 8.683 ms - 623[0m
[0mGET /css/layout.css [32m200[0m 13.021 ms - 135[0m
[0mGET /css/footer.css [32m200[0m 11.233 ms - 504[0m
[0mGET /js/toggle_friendships.js [32m200[0m 1.796 ms - 872[0m
[0mPOST /users/profile/friendships/toggle/63fe53f413d3edbea80676bf [32m200[0m 27.214 ms - 57[0m
[0mGET /users/profile/63fe53f413d3edbea80676bf [32m200[0m 124.884 ms - 2554[0m
[0mGET /js/toggle_friendships.js [32m200[0m 10.082 ms - 938[0m
[0mPOST /users/profile/friendships/toggle/63fe53f413d3edbea80676bf [32m200[0m 56.788 ms - 58[0m
[0mPOST /users/profile/friendships/toggle/63fe53f413d3edbea80676bf [32m200[0m 43.765 ms - 57[0m
[0mPOST /users/profile/friendships/toggle/63fe53f413d3edbea80676bf [32m200[0m 40.697 ms - 58[0m
[0mPOST /users/profile/friendships/toggle/63fe53f413d3edbea80676bf [32m200[0m 59.205 ms - 57[0m
[0mPOST /users/profile/friendships/toggle/63fe53f413d3edbea80676bf [32m200[0m 171.767 ms - 58[0m
[0mGET /users/profile/63fe53f413d3edbea80676bf [36m302[0m 33.438 ms - 72[0m
[0mGET /users/sign-in [32m200[0m 35.082 ms - 2132[0m
[0mGET /users/sign-in [32m200[0m 22.274 ms - 2132[0m
[0mGET /css/layout.css [32m200[0m 16.448 ms - 135[0m
[0mGET /css/header.css [32m200[0m 20.795 ms - 623[0m
[0mGET /css/footer.css [32m200[0m 22.056 ms - 504[0m
[0mPOST /users/create-session [36m302[0m 88.249 ms - 46[0m
[0mGET / [32m200[0m 174.537 ms - 27722[0m
[0mGET /js/post_comments.js [32m200[0m 13.079 ms - 3407[0m
[0mGET /css/layout.css [32m200[0m 7.317 ms - 135[0m
[0mGET /css/header.css [32m200[0m 8.386 ms - 623[0m
[0mGET /css/footer.css [32m200[0m 9.220 ms - 504[0m
[0mGET /js/home_posts.js [32m200[0m 2.373 ms - 3937[0m
[0mGET /js/toggle_likes.js [32m200[0m 8.832 ms - 1118[0m
[0mGET /js/chat_engine.js [32m200[0m 5.419 ms - 1929[0m
[0mGET /users/profile/640ad883778008b83dd85125 [32m200[0m 50.545 ms - 3226[0m
[0mGET /css/header.css [32m200[0m 9.008 ms - 623[0m
[0mGET /css/footer.css [32m200[0m 7.946 ms - 504[0m
[0mGET /css/layout.css [32m200[0m 7.858 ms - 135[0m
[0mGET /js/toggle_friendships.js [32m200[0m 3.053 ms - 872[0m
[0mGET / [32m200[0m 421.906 ms - 27488[0m
[0mGET /css/home.css [32m200[0m 16.830 ms - 315[0m
[0mGET /css/chatbox.css [32m200[0m 16.685 ms - 1281[0m
[0mGET /css/layout.css [32m200[0m 17.049 ms - 135[0m
[0mGET /css/header.css [32m200[0m 15.575 ms - 623[0m
[0mGET /js/post_comments.js [32m200[0m 14.127 ms - 3407[0m
[0mGET /css/footer.css [32m200[0m 12.399 ms - 504[0m
[0mGET /js/home_posts.js [32m200[0m 5.437 ms - 3937[0m
[0mGET /js/toggle_likes.js [32m200[0m 12.597 ms - 1118[0m
[0mGET /js/chat_engine.js [32m200[0m 9.701 ms - 1929[0m
[0mGET /users/profile/63fe53f413d3edbea80676bf [32m200[0m 51.832 ms - 2591[0m
[0mGET /css/user_profile.css [32m200[0m 8.272 ms - 2099[0m
[0mGET /css/layout.css [32m200[0m 9.152 ms - 135[0m
[0mGET /css/header.css [32m200[0m 17.739 ms - 623[0m
[0mGET /css/footer.css [32m200[0m 18.320 ms - 504[0m
[0mGET /js/toggle_friendships.js [32m200[0m 2.903 ms - 872[0m
[0mPOST /users/profile/friendships/toggle/63fe53f413d3edbea80676bf [32m200[0m 35.331 ms - 57[0m
[0mGET /users/profile/63fe53f413d3edbea80676bf [32m200[0m 56.659 ms - 2573[0m
[0mGET /css/layout.css [32m200[0m 6.422 ms - 135[0m
[0mGET /css/footer.css [32m200[0m 7.755 ms - 504[0m
[0mGET /css/header.css [32m200[0m 10.957 ms - 623[0m
[0mGET /js/toggle_friendships.js [32m200[0m 2.874 ms - 872[0m
[0mPOST /users/profile/friendships/toggle/63fe53f413d3edbea80676bf [32m200[0m 34.886 ms - 58[0m
[0mPOST /users/profile/friendships/toggle/63fe53f413d3edbea80676bf [32m200[0m 26.650 ms - 57[0m
[0mGET /users/profile/63fe53f413d3edbea80676bf [32m200[0m 87.862 ms - 2573[0m
[0mGET /css/user_profile.css [32m200[0m 8.666 ms - 2268[0m
[0mGET /css/layout.css [32m200[0m 6.714 ms - 135[0m
[0mGET /css/header.css [32m200[0m 5.533 ms - 623[0m
[0mGET /css/footer.css [32m200[0m 5.843 ms - 504[0m
[0mGET /js/toggle_friendships.js [32m200[0m 8.220 ms - 872[0m
[0mPOST /users/profile/friendships/toggle/63fe53f413d3edbea80676bf [32m200[0m 40.169 ms - 58[0m
[0mGET /users/profile/63fe53f413d3edbea80676bf [32m200[0m 44.974 ms - 2580[0m
[0mGET /css/user_profile.css [32m200[0m 9.099 ms - 2268[0m
[0mGET /css/layout.css [32m200[0m 9.546 ms - 135[0m
[0mGET /css/header.css [32m200[0m 7.605 ms - 623[0m
[0mGET /css/footer.css [32m200[0m 11.140 ms - 504[0m
[0mGET /js/toggle_friendships.js [32m200[0m 2.137 ms - 872[0m
[0mGET /users/profile/63fe53f413d3edbea80676bf [32m200[0m 137.021 ms - 2580[0m
[0mGET /css/user_profile.css [32m200[0m 8.495 ms - 2268[0m
[0mGET /css/header.css [32m200[0m 9.218 ms - 623[0m
[0mGET /css/layout.css [32m200[0m 9.798 ms - 135[0m
[0mGET /css/footer.css [32m200[0m 11.986 ms - 504[0m
[0mGET /js/toggle_friendships.js [32m200[0m 1.555 ms - 872[0m
[0mGET /users/profile/63fe53f413d3edbea80676bf [32m200[0m 86.569 ms - 2580[0m
[0mGET /css/layout.css [32m200[0m 18.430 ms - 135[0m
[0mGET /css/header.css [32m200[0m 18.559 ms - 623[0m
[0mGET /css/footer.css [32m200[0m 18.805 ms - 504[0m
[0mGET /js/toggle_friendships.js [32m200[0m 2.500 ms - 872[0m
[0mGET /users/profile/63fe53f413d3edbea80676bf [32m200[0m 40.456 ms - 2580[0m
[0mGET /css/user_profile.css [32m200[0m 4.341 ms - 2272[0m
[0mGET /css/layout.css [32m200[0m 6.827 ms - 135[0m
[0mGET /css/header.css [32m200[0m 4.399 ms - 623[0m
[0mGET /css/footer.css [32m200[0m 3.619 ms - 504[0m
[0mGET /js/toggle_friendships.js [32m200[0m 1.925 ms - 872[0m
[0mGET /users/profile/63fe53f413d3edbea80676bf [32m200[0m 58.718 ms - 2580[0m
[0mGET /css/layout.css [32m200[0m 2.938 ms - 135[0m
[0mGET /css/header.css [32m200[0m 3.023 ms - 623[0m
[0mGET /css/footer.css [32m200[0m 3.011 ms - 504[0m
[0mGET /js/toggle_friendships.js [32m200[0m 1.891 ms - 872[0m
[0mPOST /users/profile/friendships/toggle/63fe53f413d3edbea80676bf [32m200[0m 66.260 ms - 57[0m
[0mGET /users/profile/63fe53f413d3edbea80676bf [32m200[0m 40.263 ms - 2573[0m
[0mGET /css/user_profile.css [32m200[0m 4.835 ms - 2233[0m
[0mGET /css/layout.css [32m200[0m 4.896 ms - 135[0m
[0mGET /css/header.css [32m200[0m 9.502 ms - 623[0m
[0mGET /css/footer.css [32m200[0m 11.013 ms - 504[0m
[0mGET /js/toggle_friendships.js [32m200[0m 6.904 ms - 872[0m
[0mPOST /users/profile/friendships/toggle/63fe53f413d3edbea80676bf [32m200[0m 37.925 ms - 58[0m
[0mGET /users/profile/63fe53f413d3edbea80676bf [32m200[0m 45.027 ms - 2580[0m
[0mGET /css/user_profile.css [32m200[0m 9.443 ms - 2233[0m
[0mGET /css/layout.css [32m200[0m 4.797 ms - 135[0m
[0mGET /css/header.css [32m200[0m 7.097 ms - 623[0m
[0mGET /css/footer.css [32m200[0m 7.981 ms - 504[0m
[0mGET /js/toggle_friendships.js [32m200[0m 2.109 ms - 872[0m
[0mPOST /users/profile/friendships/toggle/63fe53f413d3edbea80676bf [32m200[0m 115.377 ms - 57[0m
[0mPOST /users/profile/friendships/toggle/63fe53f413d3edbea80676bf [32m200[0m 42.737 ms - 58[0m
[0mGET /users/profile/63fe53f413d3edbea80676bf [32m200[0m 58.420 ms - 2580[0m
[0mGET /js/toggle_friendships.js [32m200[0m 16.161 ms - 976[0m
[0mPOST /users/profile/friendships/toggle/63fe53f413d3edbea80676bf [32m200[0m 37.156 ms - 57[0m
[0mPOST /users/profile/friendships/toggle/63fe53f413d3edbea80676bf [32m200[0m 36.460 ms - 58[0m
[0mPOST /users/profile/friendships/toggle/63fe53f413d3edbea80676bf [32m200[0m 28.658 ms - 57[0m
[0mPOST /users/profile/friendships/toggle/63fe53f413d3edbea80676bf [32m200[0m 40.812 ms - 58[0m
[0mPOST /users/profile/friendships/toggle/63fe53f413d3edbea80676bf [32m200[0m 31.763 ms - 57[0m
[0mPOST /users/profile/friendships/toggle/63fe53f413d3edbea80676bf [32m200[0m 36.819 ms - 58[0m
[0mGET /users/sign-out [36m302[0m 37.783 ms - 46[0m
[0mGET / [32m200[0m 183.220 ms - 16199[0m
[0mGET /css/header.css [32m200[0m 4.478 ms - 623[0m
[0mGET /css/footer.css [32m200[0m 6.253 ms - 504[0m
[0mGET /css/layout.css [32m200[0m 7.149 ms - 135[0m
[0mGET /js/post_comments.js [32m200[0m 14.400 ms - 3407[0m
[0mGET /js/home_posts.js [32m200[0m 18.388 ms - 3937[0m
[0mGET /js/toggle_likes.js [32m200[0m 23.659 ms - 1118[0m
[0mGET /js/chat_engine.js [32m200[0m 27.629 ms - 1929[0m
[0mGET /users/profile/640ad883778008b83dd85125 [36m302[0m 11.340 ms - 72[0m
[0mGET /users/sign-in [32m200[0m 22.714 ms - 2132[0m
[0mGET /css/layout.css [32m200[0m 6.414 ms - 135[0m
[0mGET /css/footer.css [32m200[0m 6.805 ms - 504[0m
[0mGET /css/header.css [32m200[0m 7.390 ms - 623[0m
[0mGET /users/sign-in [32m200[0m 16.575 ms - 2132[0m
[0mGET /css/layout.css [32m200[0m 4.083 ms - 135[0m
[0mGET /css/header.css [32m200[0m 4.837 ms - 623[0m
[0mGET /css/footer.css [32m200[0m 3.166 ms - 504[0m
[0mPOST /users/create-session [36m302[0m 15.328 ms - 46[0m
[0mGET / [32m200[0m 96.324 ms - 27722[0m
[0mGET /js/post_comments.js [32m200[0m 7.011 ms - 3407[0m
[0mGET /css/home.css [32m200[0m 8.631 ms - 315[0m
[0mGET /css/chatbox.css [32m200[0m 11.425 ms - 1281[0m
[0mGET /css/layout.css [32m200[0m 12.115 ms - 135[0m
[0mGET /css/header.css [32m200[0m 13.044 ms - 623[0m
[0mGET /css/footer.css [32m200[0m 13.350 ms - 504[0m
[0mGET /js/home_posts.js [32m200[0m 7.313 ms - 3937[0m
[0mGET /js/toggle_likes.js [32m200[0m 5.531 ms - 1118[0m
[0mGET /js/chat_engine.js [32m200[0m 5.266 ms - 1929[0m
[0mGET /users/profile/640ad883778008b83dd85125 [32m200[0m 43.339 ms - 3226[0m
[0mGET /css/user_profile.css [32m200[0m 11.223 ms - 2233[0m
[0mGET /css/layout.css [32m200[0m 4.121 ms - 135[0m
[0mGET /css/header.css [32m200[0m 4.585 ms - 623[0m
[0mGET /css/footer.css [32m200[0m 4.825 ms - 504[0m
[0mGET /js/toggle_friendships.js [32m200[0m 3.597 ms - 976[0m
[0mGET /users/sign-out [36m302[0m 30.662 ms - 46[0m
[0mGET / [32m200[0m 73.814 ms - 16199[0m
[0mGET /css/home.css [32m200[0m 7.885 ms - 315[0m
[0mGET /css/chatbox.css [32m200[0m 8.516 ms - 1281[0m
[0mGET /js/post_comments.js [32m200[0m 7.121 ms - 3407[0m
[0mGET /css/layout.css [32m200[0m 8.433 ms - 135[0m
[0mGET /css/footer.css [32m200[0m 9.277 ms - 504[0m
[0mGET /css/header.css [32m200[0m 9.901 ms - 623[0m
[0mGET /js/home_posts.js [32m200[0m 3.444 ms - 3937[0m
[0mGET /js/toggle_likes.js [32m200[0m 4.309 ms - 1118[0m
[0mGET /js/chat_engine.js [32m200[0m 1.642 ms - 1929[0m
[0mGET /users/sign-in [32m200[0m 77.649 ms - 2132[0m
[0mGET /users/sign-in [32m200[0m 29.283 ms - 2132[0m
[0mGET /css/layout.css [32m200[0m 16.903 ms - 135[0m
[0mGET /css/header.css [32m200[0m 19.544 ms - 623[0m
[0mGET /css/footer.css [32m200[0m 19.779 ms - 504[0m
[0mGET /users/sign-up [32m200[0m 17.888 ms - 2292[0m
[0mGET /css/layout.css [32m200[0m 9.832 ms - 135[0m
[0mGET /css/header.css [32m200[0m 2.703 ms - 623[0m
[0mGET /css/footer.css [32m200[0m 4.255 ms - 504[0m
[0mGET /users/sign-up [32m200[0m 18.855 ms - 2292[0m
[0mGET /css/layout.css [32m200[0m 9.089 ms - 135[0m
[0mGET /css/footer.css [32m200[0m 12.804 ms - 504[0m
[0mGET /css/header.css [32m200[0m 16.353 ms - 623[0m
[0mGET /users/sign-in [32m200[0m 17.748 ms - 2132[0m
[0mGET /css/layout.css [32m200[0m 7.400 ms - 135[0m
[0mGET /css/footer.css [32m200[0m 9.008 ms - 504[0m
[0mGET /css/header.css [32m200[0m 9.618 ms - 623[0m
[0mGET /users/sign-up [32m200[0m 15.670 ms - 2292[0m
[0mGET /css/layout.css [32m200[0m 7.689 ms - 135[0m
[0mGET /css/header.css [32m200[0m 8.989 ms - 623[0m
[0mGET /css/footer.css [32m200[0m 9.779 ms - 504[0m
[0mGET /users/sign-in [32m200[0m 11.728 ms - 2181[0m
[0mGET /css/layout.css [32m200[0m 6.581 ms - 135[0m
[0mGET /css/header.css [32m200[0m 6.557 ms - 623[0m
[0mGET /css/footer.css [32m200[0m 6.924 ms - 504[0m
[0mGET /css/sing_up.css [33m404[0m 16.573 ms - 154[0m
[0mGET /css/sing_up.css [33m404[0m 14.127 ms - 154[0m
[0mPOST /users/create-session [36m302[0m 31.497 ms - 46[0m
[0mGET / [32m200[0m 154.934 ms - 27722[0m
[0mGET /js/post_comments.js [32m200[0m 9.728 ms - 3407[0m
[0mGET /css/layout.css [32m200[0m 8.776 ms - 135[0m
[0mGET /css/header.css [32m200[0m 7.900 ms - 623[0m
[0mGET /css/footer.css [32m200[0m 6.956 ms - 504[0m
[0mGET /js/home_posts.js [32m200[0m 9.518 ms - 3937[0m
[0mGET /js/toggle_likes.js [32m200[0m 9.944 ms - 1118[0m
[0mGET /js/chat_engine.js [32m200[0m 8.185 ms - 1929[0m
[0mGET /users/sign-out [36m302[0m 49.978 ms - 46[0m
[0mGET / [32m200[0m 115.694 ms - 16199[0m
[0mGET /js/post_comments.js [32m200[0m 8.595 ms - 3407[0m
[0mGET /css/chatbox.css [32m200[0m 15.924 ms - 1281[0m
[0mGET /css/home.css [32m200[0m 15.973 ms - 315[0m
[0mGET /css/layout.css [32m200[0m 16.072 ms - 135[0m
[0mGET /css/header.css [32m200[0m 15.936 ms - 623[0m
[0mGET /css/footer.css [32m200[0m 12.653 ms - 504[0m
[0mGET /js/home_posts.js [32m200[0m 6.365 ms - 3937[0m
[0mGET /js/toggle_likes.js [32m200[0m 5.150 ms - 1118[0m
[0mGET /js/chat_engine.js [32m200[0m 4.259 ms - 1929[0m
[0mGET /users/sign-in [32m200[0m 23.828 ms - 2181[0m
[0mGET /css/sing_up.css [33m404[0m 11.330 ms - 154[0m
[0mGET /css/layout.css [32m200[0m 12.150 ms - 135[0m
[0mGET /css/header.css [32m200[0m 13.804 ms - 623[0m
[0mGET /css/footer.css [32m200[0m 13.993 ms - 504[0m
[0mGET /css/sing_up.css [33m404[0m 5.937 ms - 154[0m
[0mGET /users/sign-up [32m200[0m 17.477 ms - 2292[0m
[0mGET /css/layout.css [32m200[0m 5.911 ms - 135[0m
[0mGET /css/header.css [32m200[0m 6.122 ms - 623[0m
[0mGET /css/footer.css [32m200[0m 5.992 ms - 504[0m
[0mGET /users/sign-up [32m200[0m 1055.157 ms - 2343[0m
[0mGET /css/sing_up.css [33m404[0m 14.623 ms - 154[0m
[0mGET /css/header.css [32m200[0m 26.134 ms - 623[0m
[0mGET /css/layout.css [32m200[0m 23.870 ms - 135[0m
[0mGET /css/footer.css [32m200[0m 17.813 ms - 504[0m
[0mGET /css/sing_up.css [33m404[0m 9.449 ms - 154[0m
[0mGET /users/sign-up [32m200[0m 13.035 ms - 2343[0m
[0mGET /css/layout.css [32m200[0m 9.349 ms - 135[0m
[0mGET /css/header.css [32m200[0m 11.490 ms - 623[0m
[0mGET /css/footer.css [32m200[0m 4.214 ms - 504[0m
[0mGET /css/sing_up.css [33m404[0m 8.554 ms - 154[0m
[0mGET /css/sing_up.css [33m404[0m 6.767 ms - 154[0m
[0mGET /users/sign-up [32m200[0m 10.636 ms - 2343[0m
[0mGET /css/layout.css [32m200[0m 13.549 ms - 135[0m
[0mGET /css/header.css [32m200[0m 10.995 ms - 623[0m
[0mGET /css/footer.css [32m200[0m 13.540 ms - 504[0m
[0mGET /css/sing_up.css [33m404[0m 5.526 ms - 154[0m
[0mGET /css/sing_up.css [33m404[0m 13.150 ms - 154[0m
[0mGET /users/sign-up [32m200[0m 13.485 ms - 2343[0m
[0mGET /css/layout.css [32m200[0m 7.710 ms - 135[0m
[0mGET /css/header.css [32m200[0m 8.395 ms - 623[0m
[0mGET /css/footer.css [32m200[0m 9.234 ms - 504[0m
[0mGET /css/sing_up.css [33m404[0m 12.580 ms - 154[0m
[0mGET /css/sing_up.css [33m404[0m 7.452 ms - 154[0m
[0mGET /users/sign-up [32m200[0m 14.832 ms - 2343[0m
[0mGET /css/layout.css [32m200[0m 7.604 ms - 135[0m
[0mGET /css/footer.css [32m200[0m 9.868 ms - 504[0m
[0mGET /css/header.css [32m200[0m 11.973 ms - 623[0m
[0mGET /users/sign-in [32m200[0m 28.074 ms - 2132[0m
[0mGET /css/header.css [32m200[0m 3.861 ms - 623[0m
[0mGET /css/footer.css [32m200[0m 5.103 ms - 504[0m
[0mGET /css/layout.css [32m200[0m 20.599 ms - 135[0m
[0mGET /users/sign-in [32m200[0m 16.186 ms - 2132[0m
[0mGET /css/layout.css [32m200[0m 5.574 ms - 135[0m
[0mGET /css/header.css [32m200[0m 5.712 ms - 623[0m
[0mGET /css/footer.css [32m200[0m 5.938 ms - 504[0m
[0mGET /users/sign-up [32m200[0m 19.548 ms - 2391[0m
[0mGET /css/sign_up.css [32m200[0m 6.635 ms - 41[0m
[0mGET /css/layout.css [32m200[0m 6.947 ms - 135[0m
[0mGET /css/header.css [32m200[0m 6.902 ms - 623[0m
[0mGET /css/footer.css [32m200[0m 6.854 ms - 504[0m
[0mGET /users/sign-up [32m200[0m 14.045 ms - 2391[0m
[0mGET /css/layout.css [32m200[0m 11.190 ms - 135[0m
[0mGET /css/footer.css [32m200[0m 11.313 ms - 504[0m
[0mGET /css/header.css [32m200[0m 13.747 ms - 623[0m
[0mGET /users/sign-up [32m200[0m 11.081 ms - 2391[0m
[0mGET /css/sign_up.css [32m200[0m 9.097 ms - 144[0m
[0mGET /css/header.css [32m200[0m 9.445 ms - 623[0m
[0mGET /css/layout.css [32m200[0m 11.073 ms - 135[0m
[0mGET /css/footer.css [32m200[0m 7.384 ms - 504[0m
[0mGET /users/sign-up [32m200[0m 17.280 ms - 2391[0m
[0mGET /css/sign_up.css [32m200[0m 5.904 ms - 144[0m
[0mGET /css/layout.css [32m200[0m 7.327 ms - 135[0m
[0mGET /css/header.css [32m200[0m 7.713 ms - 623[0m
[0mGET /css/footer.css [32m200[0m 2.182 ms - 504[0m
[0mGET /users/sign-up [32m200[0m 14.370 ms - 2391[0m
[0mGET /css/header.css [32m200[0m 14.304 ms - 623[0m
[0mGET /css/sign_up.css [32m200[0m 14.826 ms - 144[0m
[0mGET /css/footer.css [32m200[0m 14.774 ms - 504[0m
[0mGET /css/layout.css [32m200[0m 14.936 ms - 135[0m
[0mGET /users/sign-up [32m200[0m 15.592 ms - 2391[0m
[0mGET /css/sign_up.css [32m200[0m 2.642 ms - 144[0m
[0mGET /css/layout.css [32m200[0m 4.535 ms - 135[0m
[0mGET /css/header.css [32m200[0m 5.149 ms - 623[0m
[0mGET /css/footer.css [32m200[0m 3.736 ms - 504[0m
[0mGET /users/sign-up [32m200[0m 17.064 ms - 2391[0m
[0mGET /css/sign_up.css [32m200[0m 6.122 ms - 144[0m
[0mGET /css/layout.css [32m200[0m 6.776 ms - 135[0m
[0mGET /css/header.css [32m200[0m 7.182 ms - 623[0m
[0mGET /css/footer.css [32m200[0m 6.729 ms - 504[0m
[0mGET /users/sign-up [32m200[0m 17.031 ms - 2391[0m
[0mGET /css/sign_up.css [32m200[0m 2.580 ms - 144[0m
[0mGET /css/layout.css [32m200[0m 4.674 ms - 135[0m
[0mGET /css/header.css [32m200[0m 5.451 ms - 623[0m
[0mGET /css/footer.css [32m200[0m 6.882 ms - 504[0m
[0mGET /users/sign-up [32m200[0m 11.083 ms - 2391[0m
[0mGET /css/sign_up.css [32m200[0m 8.077 ms - 144[0m
[0mGET /css/layout.css [32m200[0m 12.242 ms - 135[0m
[0mGET /css/header.css [32m200[0m 12.191 ms - 623[0m
[0mGET /css/footer.css [32m200[0m 11.040 ms - 504[0m
[0mGET /users/sign-in [32m200[0m 16.986 ms - 2132[0m
[0mGET /css/layout.css [32m200[0m 4.627 ms - 135[0m
[0mGET /css/header.css [32m200[0m 5.205 ms - 623[0m
[0mGET /css/footer.css [32m200[0m 5.735 ms - 504[0m
[0mGET /users/sign-up [32m200[0m 14.362 ms - 2391[0m
[0mGET /css/header.css [32m200[0m 2.775 ms - 623[0m
[0mGET /css/layout.css [32m200[0m 4.717 ms - 135[0m
[0mGET /css/sign_up.css [32m200[0m 4.441 ms - 144[0m
[0mGET /css/footer.css [32m200[0m 5.747 ms - 504[0m
[0mGET /users/sign-up [32m200[0m 14.289 ms - 2391[0m
[0mGET /css/sign_up.css [32m200[0m 9.794 ms - 144[0m
[0mGET /css/header.css [32m200[0m 9.935 ms - 623[0m
[0mGET /css/layout.css [32m200[0m 12.007 ms - 135[0m
[0mGET /css/footer.css [32m200[0m 10.740 ms - 504[0m
[0mGET /users/sign-up [32m200[0m 14.761 ms - 2391[0m
[0mGET /css/header.css [32m200[0m 9.564 ms - 623[0m
[0mGET /css/footer.css [32m200[0m 1.342 ms - 504[0m
[0mGET /users/sign-up [32m200[0m 16.720 ms - 2391[0m
[0mGET /css/sign_up.css [32m200[0m 3.979 ms - 36[0m
[0mGET /css/layout.css [32m200[0m 10.372 ms - 253[0m
[0mGET /css/header.css [32m200[0m 10.419 ms - 623[0m
[0mGET /css/footer.css [32m200[0m 3.051 ms - 504[0m
[0mGET /users/sign-up [32m200[0m 14.013 ms - 2391[0m
[0mGET /css/sign_up.css [32m200[0m 7.647 ms - 36[0m
[0mGET /css/layout.css [32m200[0m 8.855 ms - 253[0m
[0mGET /css/header.css [32m200[0m 2.675 ms - 623[0m
[0mGET /css/footer.css [32m200[0m 3.825 ms - 504[0m
[0mGET /users/sign-in [32m200[0m 12.811 ms - 2132[0m
[0mGET /css/header.css [32m200[0m 5.071 ms - 623[0m
[0mGET /css/layout.css [32m200[0m 4.745 ms - 253[0m
[0mGET /css/footer.css [32m200[0m 6.641 ms - 504[0m
[0mPOST /users/create-session [36m302[0m 15.171 ms - 46[0m
[0mGET / [32m200[0m 132.661 ms - 27722[0m
[0mGET /css/home.css [32m200[0m 2.584 ms - 315[0m
[0mGET /css/chatbox.css [32m200[0m 2.985 ms - 1281[0m
[0mGET /css/header.css [32m200[0m 9.420 ms - 623[0m
[0mGET /css/footer.css [32m200[0m 9.371 ms - 504[0m
[0mGET /css/layout.css [32m200[0m 14.110 ms - 253[0m
[0mGET /js/post_comments.js [32m200[0m 12.539 ms - 3407[0m
[0mGET /js/home_posts.js [32m200[0m 15.926 ms - 3937[0m
[0mGET /js/toggle_likes.js [32m200[0m 23.990 ms - 1118[0m
[0mGET /js/chat_engine.js [32m200[0m 13.723 ms - 1929[0m
[0mGET /users/profile/640ad883778008b83dd85125 [32m200[0m 45.940 ms - 3226[0m
[0mGET /css/layout.css [32m200[0m 5.329 ms - 253[0m
[0mGET /css/header.css [32m200[0m 5.502 ms - 623[0m
[0mGET /css/footer.css [32m200[0m 5.769 ms - 504[0m
[0mGET /js/toggle_friendships.js [32m200[0m 20.890 ms - 976[0m
[0mGET /users/sign-out [36m302[0m 37.322 ms - 46[0m
[0mGET / [32m200[0m 149.387 ms - 16199[0m
[0mGET /css/home.css [32m200[0m 15.524 ms - 315[0m
[0mGET /css/chatbox.css [32m200[0m 16.091 ms - 1281[0m
[0mGET /css/layout.css [32m200[0m 16.066 ms - 253[0m
[0mGET /js/post_comments.js [32m200[0m 8.265 ms - 3407[0m
[0mGET /css/header.css [32m200[0m 5.755 ms - 623[0m
[0mGET /css/footer.css [32m200[0m 6.300 ms - 504[0m
[0mGET /js/home_posts.js [32m200[0m 1.779 ms - 3937[0m
[0mGET /js/toggle_likes.js [32m200[0m 2.263 ms - 1118[0m
[0mGET /js/chat_engine.js [32m200[0m 9.169 ms - 1929[0m
[0mGET /users/sign-up [32m200[0m 15.816 ms - 2391[0m
[0mGET /css/footer.css [32m200[0m 5.663 ms - 504[0m
[0mGET /css/sign_up.css [32m200[0m 6.106 ms - 36[0m
[0mGET /css/layout.css [32m200[0m 5.585 ms - 253[0m
[0mGET /css/header.css [32m200[0m 7.282 ms - 623[0m
[0mGET /users/sign-up [32m200[0m 12.268 ms - 2397[0m
[0mGET /css/sign_up.css [32m200[0m 5.882 ms - 36[0m
[0mGET /css/layout.css [32m200[0m 2.343 ms - 253[0m
[0mGET /css/header.css [32m200[0m 3.695 ms - 623[0m
[0mGET /css/footer.css [32m200[0m 2.351 ms - 504[0m
[0mGET /css/layout.css [36m304[0m 3.708 ms - -[0m
[0mGET /css/sign_up.css [36m304[0m 22.744 ms - -[0m
[0mGET /css/header.css [36m304[0m 24.000 ms - -[0m
[0mGET /css/footer.css [36m304[0m 24.387 ms - -[0m
[0mGET /users/sign-up [32m200[0m 13.320 ms - 2397[0m
[0mGET /css/sign_up.css [32m200[0m 7.030 ms - 36[0m
[0mGET /users/sign-up [32m200[0m 8.696 ms - 2397[0m
[0mGET /css/sign_up.css [32m200[0m 10.744 ms - 36[0m
[0mGET /css/layout.css [32m200[0m 13.025 ms - 254[0m
[0mGET /css/header.css [32m200[0m 14.280 ms - 624[0m
[0mGET /users/sign-up [32m200[0m 17.128 ms - 2397[0m
[0mGET /css/sign_up.css [32m200[0m 22.395 ms - 36[0m
[0mGET /css/layout.css [32m200[0m 22.674 ms - 254[0m
[0mGET /css/header.css [32m200[0m 23.284 ms - 624[0m
[0mGET /css/footer.css [32m200[0m 21.582 ms - 505[0m
[0mGET /users/sign-in [32m200[0m 15.570 ms - 2132[0m
[0mGET /css/header.css [32m200[0m 5.132 ms - 624[0m
[0mGET /css/footer.css [32m200[0m 5.615 ms - 505[0m
[0mGET /css/layout.css [32m200[0m 3.790 ms - 254[0m
[0mGET /users/sign-in [32m200[0m 11.741 ms - 2132[0m
[0mGET /css/footer.css [32m200[0m 3.697 ms - 505[0m
[0mGET /css/header.css [32m200[0m 3.995 ms - 624[0m
[0mGET /users/sign-in [32m200[0m 12.132 ms - 2132[0m
[0mGET /css/layout.css [32m200[0m 1.615 ms - 237[0m
[0mGET /css/header.css [32m200[0m 3.898 ms - 624[0m
[0mGET /css/footer.css [32m200[0m 1.526 ms - 505[0m
[0mPOST /users/create-session [36m302[0m 12.525 ms - 46[0m
[0mGET / [32m200[0m 362.948 ms - 27722[0m
[0mGET /js/post_comments.js [32m200[0m 5.182 ms - 3407[0m
[0mGET /css/home.css [32m200[0m 6.920 ms - 315[0m
[0mGET /css/chatbox.css [32m200[0m 7.275 ms - 1281[0m
[0mGET /css/layout.css [32m200[0m 7.933 ms - 237[0m
[0mGET /css/header.css [32m200[0m 8.708 ms - 624[0m
[0mGET /css/footer.css [32m200[0m 9.829 ms - 505[0m
[0mGET /js/home_posts.js [32m200[0m 16.950 ms - 3937[0m
[0mGET /js/toggle_likes.js [32m200[0m 19.077 ms - 1118[0m
[0mGET /js/chat_engine.js [32m200[0m 19.370 ms - 1929[0m
[0mGET /users/sign-out [36m302[0m 26.819 ms - 46[0m
[0mGET / [32m200[0m 85.863 ms - 16199[0m
[0mGET /js/post_comments.js [32m200[0m 12.416 ms - 3407[0m
[0mGET /css/chatbox.css [32m200[0m 10.280 ms - 1281[0m
[0mGET /css/layout.css [32m200[0m 10.769 ms - 237[0m
[0mGET /css/header.css [32m200[0m 9.945 ms - 624[0m
[0mGET /css/home.css [32m200[0m 12.642 ms - 315[0m
[0mGET /css/footer.css [32m200[0m 10.349 ms - 505[0m
[0mGET /js/home_posts.js [32m200[0m 6.938 ms - 3937[0m
[0mGET /js/toggle_likes.js [32m200[0m 3.770 ms - 1118[0m
[0mGET /js/chat_engine.js [32m200[0m 2.551 ms - 1929[0m
[0mGET /users/sign-in [32m200[0m 17.334 ms - 2132[0m
[0mGET /css/layout.css [32m200[0m 5.339 ms - 237[0m
[0mGET /css/header.css [32m200[0m 5.550 ms - 624[0m
[0mGET /css/footer.css [32m200[0m 6.078 ms - 505[0m
[0mGET /users/sign-in [32m200[0m 11.883 ms - 2132[0m
[0mGET /css/layout.css [32m200[0m 8.414 ms - 237[0m
[0mGET /css/header.css [32m200[0m 7.307 ms - 624[0m
[0mGET /css/footer.css [32m200[0m 1.453 ms - 505[0m
[0mGET /users/sign-up [32m200[0m 18.115 ms - 2406[0m
[0mGET /css/sign_up.css [32m200[0m 7.237 ms - 36[0m
[0mGET /css/header.css [32m200[0m 7.357 ms - 624[0m
[0mGET /css/layout.css [32m200[0m 6.699 ms - 237[0m
[0mGET /css/footer.css [32m200[0m 1.711 ms - 505[0m
[0mGET /users/sign-up [32m200[0m 25.577 ms - 2462[0m
[0mGET /css/sign_up.css [32m200[0m 2.303 ms - 36[0m
[0mGET /css/layout.css [32m200[0m 2.982 ms - 237[0m
[0mGET /css/footer.css [32m200[0m 14.890 ms - 505[0m
[0mGET /css/header.css [32m200[0m 14.615 ms - 624[0m
[0mGET /users/sign-in [32m200[0m 15.095 ms - 2132[0m
[0mGET /css/layout.css [32m200[0m 6.418 ms - 237[0m
[0mGET /css/header.css [32m200[0m 6.729 ms - 624[0m
[0mGET /css/footer.css [32m200[0m 6.317 ms - 505[0m
[0mPOST /users/create-session [36m302[0m 27.230 ms - 46[0m
[0mGET / [32m200[0m 130.567 ms - 27722[0m
[0mGET /js/post_comments.js [32m200[0m 9.729 ms - 3407[0m
[0mGET /css/home.css [32m200[0m 5.663 ms - 315[0m
[0mGET /css/chatbox.css [32m200[0m 6.577 ms - 1281[0m
[0mGET /css/layout.css [32m200[0m 7.238 ms - 237[0m
[0mGET /css/footer.css [32m200[0m 5.710 ms - 505[0m
[0mGET /css/header.css [32m200[0m 6.107 ms - 624[0m
[0mGET /js/home_posts.js [32m200[0m 7.010 ms - 3937[0m
[0mGET /js/toggle_likes.js [32m200[0m 5.125 ms - 1118[0m
[0mGET /js/chat_engine.js [32m200[0m 3.486 ms - 1929[0m
[0mGET / [32m200[0m 237.319 ms - 27488[0m
[0mGET /css/home.css [32m200[0m 6.314 ms - 315[0m
[0mGET /css/chatbox.css [32m200[0m 6.707 ms - 1281[0m
[0mGET /js/post_comments.js [32m200[0m 13.964 ms - 3407[0m
[0mGET /css/footer.css [32m200[0m 6.043 ms - 505[0m
[0mGET /css/header.css [32m200[0m 7.651 ms - 624[0m
[0mGET /js/home_posts.js [32m200[0m 7.885 ms - 3937[0m
[0mGET /js/toggle_likes.js [32m200[0m 7.057 ms - 1118[0m
[0mGET /js/chat_engine.js [32m200[0m 6.282 ms - 1929[0m
[0mGET /users/profile/640ad883778008b83dd85125 [32m200[0m 38.396 ms - 3226[0m
[0mGET /css/layout.css [32m200[0m 5.305 ms - 209[0m
[0mGET /css/header.css [32m200[0m 5.528 ms - 624[0m
[0mGET /css/footer.css [32m200[0m 5.365 ms - 505[0m
[0mGET /css/user_profile.css [32m200[0m 5.321 ms - 2233[0m
[0mGET /js/toggle_friendships.js [32m200[0m 1.521 ms - 976[0m
[0mGET /users/sign-out [36m302[0m 43.718 ms - 46[0m
[0mGET / [32m200[0m 69.700 ms - 16199[0m
[0mGET /js/post_comments.js [32m200[0m 9.522 ms - 3407[0m
[0mGET /css/home.css [32m200[0m 9.866 ms - 315[0m
[0mGET /css/chatbox.css [32m200[0m 10.171 ms - 1281[0m
[0mGET /css/layout.css [32m200[0m 10.198 ms - 209[0m
[0mGET /css/header.css [32m200[0m 10.289 ms - 624[0m
[0mGET /css/footer.css [32m200[0m 6.119 ms - 505[0m
[0mGET /js/home_posts.js [32m200[0m 6.560 ms - 3937[0m
[0mGET /js/toggle_likes.js [32m200[0m 6.008 ms - 1118[0m
[0mGET /js/chat_engine.js [32m200[0m 4.763 ms - 1929[0m
[0mGET /users/sign-up [32m200[0m 17.835 ms - 2460[0m
[0mGET /css/sign_up.css [32m200[0m 4.471 ms - 36[0m
[0mGET /css/footer.css [32m200[0m 5.088 ms - 505[0m
[0mGET /css/header.css [32m200[0m 5.410 ms - 624[0m
[0mGET /css/layout.css [32m200[0m 9.462 ms - 209[0m
[0mGET /users/sign-up [32m200[0m 14.532 ms - 2460[0m
[0mGET /css/sign_up.css [32m200[0m 5.273 ms - 36[0m
[0mGET /css/header.css [32m200[0m 7.685 ms - 624[0m
[0mGET /css/footer.css [32m200[0m 3.751 ms - 505[0m
[0mGET /users/sign-up [32m200[0m 10.724 ms - 2460[0m
[0mGET /css/sign_up.css [32m200[0m 5.746 ms - 36[0m
[0mGET /css/header.css [32m200[0m 5.650 ms - 624[0m
[0mGET /css/footer.css [32m200[0m 10.102 ms - 505[0m
[0mGET /users/sign-up [32m200[0m 12.203 ms - 2464[0m
[0mGET /css/sign_up.css [32m200[0m 2.694 ms - 36[0m
[0mGET /css/layout.css [32m200[0m 3.489 ms - 226[0m
[0mGET /css/footer.css [32m200[0m 3.881 ms - 505[0m
[0mGET /css/header.css [32m200[0m 4.117 ms - 624[0m
[0mGET /users/sign-up [32m200[0m 16.686 ms - 2484[0m
[0mGET /css/layout.css [32m200[0m 9.393 ms - 226[0m
[0mGET /css/header.css [32m200[0m 10.596 ms - 624[0m
[0mGET /css/footer.css [32m200[0m 2.193 ms - 505[0m
[0mGET /users/sign-up [32m200[0m 9.588 ms - 2484[0m
[0mGET /css/layout.css [32m200[0m 5.442 ms - 226[0m
[0mGET /css/header.css [32m200[0m 6.044 ms - 624[0m
[0mGET /css/footer.css [32m200[0m 9.385 ms - 505[0m
[0mGET /users/sign-up [32m200[0m 12.026 ms - 2584[0m
[0mGET /css/footer.css [32m200[0m 2.159 ms - 505[0m
[0mGET /css/header.css [32m200[0m 2.885 ms - 624[0m
[0mGET /users/sign-up [32m200[0m 13.706 ms - 2584[0m
[0mGET /css/layout.css [32m200[0m 4.049 ms - 226[0m
[0mGET /css/header.css [32m200[0m 3.634 ms - 624[0m
[0mGET /css/footer.css [32m200[0m 3.933 ms - 505[0m
[0mGET /users/sign-up [32m200[0m 10.500 ms - 2584[0m
[0mGET /css/header.css [32m200[0m 2.572 ms - 624[0m
[0mGET /css/layout.css [32m200[0m 4.857 ms - 226[0m
[0mGET /css/footer.css [32m200[0m 12.038 ms - 505[0m
[0mGET /users/sign-up [32m200[0m 15.837 ms - 2584[0m
[0mGET /css/layout.css [32m200[0m 4.310 ms - 226[0m
[0mGET /css/header.css [32m200[0m 6.957 ms - 624[0m
[0mGET /css/footer.css [32m200[0m 1.790 ms - 505[0m
[0mGET /users/sign-up [32m200[0m 11.243 ms - 2584[0m
[0mGET /css/layout.css [32m200[0m 7.269 ms - 226[0m
[0mGET /css/header.css [32m200[0m 7.567 ms - 624[0m
[0mGET /css/footer.css [32m200[0m 5.002 ms - 505[0m
[0mGET /users/sign-up [32m200[0m 15.742 ms - 2584[0m
[0mGET /css/layout.css [32m200[0m 2.856 ms - 226[0m
[0mGET /css/header.css [32m200[0m 5.643 ms - 624[0m
[0mGET /css/footer.css [32m200[0m 3.758 ms - 505[0m
[0mGET /users/sign-up [32m200[0m 11.795 ms - 2584[0m
[0mGET /css/layout.css [32m200[0m 11.280 ms - 226[0m
[0mGET /css/header.css [32m200[0m 11.724 ms - 624[0m
[0mGET /css/footer.css [32m200[0m 10.770 ms - 505[0m
[0mGET /css/layout.css [36m304[0m 2.233 ms - -[0m
[0mGET /css/header.css [36m304[0m 2.673 ms - -[0m
[0mGET /css/sign_up.css [32m200[0m 5.428 ms - 250[0m
[0mGET /css/footer.css [36m304[0m 1.067 ms - -[0m
[0mGET /users/sign-up [32m200[0m 12.176 ms - 2584[0m
[0mGET /css/layout.css [32m200[0m 3.698 ms - 226[0m
[0mGET /css/header.css [32m200[0m 4.238 ms - 624[0m
[0mGET /css/footer.css [32m200[0m 6.299 ms - 505[0m
[0mGET /users/sign-up [32m200[0m 19.078 ms - 2601[0m
[0mGET /css/layout.css [32m200[0m 63.114 ms - 226[0m
[0mGET /css/header.css [32m200[0m 62.294 ms - 624[0m
[0mGET /css/footer.css [32m200[0m 58.785 ms - 505[0m
[0mGET /users/sign-up [32m200[0m 9.409 ms - 2631[0m
[0mGET /css/layout.css [32m200[0m 9.448 ms - 226[0m
[0mGET /css/header.css [32m200[0m 20.490 ms - 624[0m
[0mGET /css/footer.css [32m200[0m 21.885 ms - 505[0m
[0mGET /users/sign-up [32m200[0m 12.134 ms - 2631[0m
[0mGET /css/footer.css [32m200[0m 7.863 ms - 505[0m
[0mGET /css/layout.css [32m200[0m 7.229 ms - 226[0m
[0mGET /css/header.css [32m200[0m 8.779 ms - 624[0m
[0mGET /users/sign-up [32m200[0m 12.848 ms - 2631[0m
[0mGET /css/header.css [32m200[0m 4.932 ms - 624[0m
[0mGET /css/layout.css [32m200[0m 8.878 ms - 226[0m
[0mGET /css/footer.css [32m200[0m 2.387 ms - 505[0m
[0mGET /users/sign-up [32m200[0m 15.836 ms - 2631[0m
[0mGET /css/layout.css [32m200[0m 1.902 ms - 226[0m
[0mGET /css/header.css [32m200[0m 1.805 ms - 624[0m
[0mGET /css/footer.css [32m200[0m 2.263 ms - 505[0m
[0mGET /users/sign-up [32m200[0m 15.444 ms - 2631[0m
[0mGET /css/layout.css [32m200[0m 7.171 ms - 226[0m
[0mGET /css/footer.css [32m200[0m 6.018 ms - 505[0m
[0mGET /css/header.css [32m200[0m 7.616 ms - 624[0m
[0mGET /users/sign-up [32m200[0m 11.965 ms - 2631[0m
[0mGET /css/sign_up.css [32m200[0m 12.042 ms - 637[0m
[0mGET /css/layout.css [32m200[0m 11.862 ms - 226[0m
[0mGET /css/header.css [32m200[0m 13.052 ms - 624[0m
[0mGET /css/footer.css [32m200[0m 6.320 ms - 505[0m
[0mGET /users/sign-up [32m200[0m 10.880 ms - 2631[0m
[0mGET /css/layout.css [32m200[0m 19.996 ms - 226[0m
[0mGET /css/footer.css [32m200[0m 19.651 ms - 505[0m
[0mGET /css/header.css [32m200[0m 34.120 ms - 624[0m
[0mGET /users/sign-up [32m200[0m 10.692 ms - 2674[0m
[0mGET /css/header.css [32m200[0m 5.786 ms - 624[0m
[0mGET /css/footer.css [32m200[0m 8.884 ms - 505[0m
[0mGET /css/layout.css [32m200[0m 11.021 ms - 226[0m
[0mGET /users/sign-up [32m200[0m 12.761 ms - 2674[0m
[0mGET /css/layout.css [32m200[0m 12.702 ms - 226[0m
[0mGET /css/header.css [32m200[0m 11.480 ms - 624[0m
[0mGET /css/footer.css [32m200[0m 12.252 ms - 505[0m
[0mGET /users/sign-up [32m200[0m 16.726 ms - 2695[0m
[0mGET /css/sign_up.css [32m200[0m 7.083 ms - 674[0m
[0mGET /css/layout.css [32m200[0m 10.970 ms - 226[0m
[0mGET /css/header.css [32m200[0m 12.724 ms - 624[0m
[0mGET /css/footer.css [32m200[0m 14.863 ms - 505[0m
[0mGET /users/sign-up [32m200[0m 13.593 ms - 2695[0m
[0mGET /css/layout.css [32m200[0m 95.654 ms - 226[0m
[0mGET /css/footer.css [32m200[0m 67.316 ms - 505[0m
[0mGET /css/header.css [32m200[0m 68.933 ms - 624[0m
[0mGET /users/sign-up [32m200[0m 12.734 ms - 2695[0m
[0mGET /css/layout.css [32m200[0m 75.153 ms - 226[0m
[0mGET /css/header.css [32m200[0m 75.832 ms - 624[0m
[0mGET /css/footer.css [32m200[0m 75.919 ms - 505[0m
[0mGET /users/sign-up [32m200[0m 15.022 ms - 2695[0m
[0mGET /css/layout.css [32m200[0m 3.579 ms - 226[0m
[0mGET /css/header.css [32m200[0m 6.803 ms - 624[0m
[0mGET /css/footer.css [32m200[0m 3.971 ms - 505[0m
[0mGET /users/sign-up [32m200[0m 12.162 ms - 2771[0m
[0mGET /css/layout.css [32m200[0m 2.862 ms - 226[0m
[0mGET /css/header.css [32m200[0m 3.827 ms - 624[0m
[0mGET /css/footer.css [32m200[0m 3.902 ms - 505[0m
[0mGET /users/sign-up [32m200[0m 11.403 ms - 2771[0m
[0mGET /css/layout.css [32m200[0m 2.845 ms - 226[0m
[0mGET /css/header.css [32m200[0m 3.255 ms - 624[0m
[0mGET /css/footer.css [32m200[0m 4.445 ms - 505[0m
[0mGET /users/sign-up [32m200[0m 11.889 ms - 2771[0m
[0mGET /css/footer.css [32m200[0m 2.984 ms - 505[0m
[0mGET /css/layout.css [32m200[0m 4.802 ms - 226[0m
[0mGET /css/header.css [32m200[0m 4.461 ms - 624[0m
[0mGET /users/sign-up [32m200[0m 9.287 ms - 2771[0m
[0mGET /css/layout.css [32m200[0m 9.432 ms - 226[0m
[0mGET /css/header.css [32m200[0m 9.993 ms - 624[0m
[0mGET /css/footer.css [32m200[0m 10.351 ms - 505[0m
[0mGET /users/sign-up [32m200[0m 13.160 ms - 2771[0m
[0mGET /css/layout.css [32m200[0m 20.528 ms - 226[0m
[0mGET /css/header.css [32m200[0m 76.473 ms - 624[0m
[0mGET /css/footer.css [32m200[0m 75.297 ms - 505[0m
[0mGET /users/sign-up [32m200[0m 16.991 ms - 2761[0m
[0mGET /css/sign_up.css [32m200[0m 6.668 ms - 1062[0m
[0mGET /css/footer.css [32m200[0m 9.222 ms - 505[0m
[0mGET /css/layout.css [32m200[0m 8.887 ms - 226[0m
[0mGET /css/header.css [32m200[0m 10.540 ms - 624[0m
[0mGET /css/sign_up.css [36m304[0m 2.348 ms - -[0m
[0mGET /css/layout.css [36m304[0m 2.868 ms - -[0m
[0mGET /css/header.css [36m304[0m 3.203 ms - -[0m
[0mGET /css/footer.css [36m304[0m 4.476 ms - -[0m
[0mGET /users/sign-up [32m200[0m 19.454 ms - 2761[0m
[0mGET /css/layout.css [32m200[0m 5.427 ms - 226[0m
[0mGET /css/header.css [32m200[0m 7.420 ms - 624[0m
[0mGET /css/footer.css [32m200[0m 7.940 ms - 505[0m
[0mGET /users/sign-up [32m200[0m 12.167 ms - 2761[0m
[0mGET /css/layout.css [32m200[0m 11.079 ms - 226[0m
[0mGET /css/footer.css [32m200[0m 11.578 ms - 505[0m
[0mGET /css/header.css [32m200[0m 11.985 ms - 624[0m
[0mGET /users/sign-up [32m200[0m 10.874 ms - 2761[0m
[0mGET /css/layout.css [32m200[0m 3.655 ms - 226[0m
[0mGET /css/header.css [32m200[0m 4.057 ms - 624[0m
[0mGET /css/footer.css [32m200[0m 4.420 ms - 505[0m
[0mGET /users/sign-up [32m200[0m 17.924 ms - 2761[0m
[0mGET /css/layout.css [32m200[0m 6.863 ms - 226[0m
[0mGET /css/header.css [32m200[0m 2.911 ms - 624[0m
[0mGET /css/footer.css [32m200[0m 2.334 ms - 505[0m
[0mGET /users/sign-up [32m200[0m 12.264 ms - 2761[0m
[0mGET /css/layout.css [32m200[0m 9.775 ms - 226[0m
[0mGET /css/header.css [32m200[0m 10.572 ms - 624[0m
[0mGET /css/footer.css [32m200[0m 4.863 ms - 505[0m
[0mGET /users/sign-up [32m200[0m 12.724 ms - 2761[0m
[0mGET /css/sign_up.css [32m200[0m 125.243 ms - 1065[0m
[0mGET /css/layout.css [32m200[0m 4.282 ms - 226[0m
[0mGET /css/header.css [32m200[0m 4.537 ms - 624[0m
[0mGET /css/footer.css [32m200[0m 11.407 ms - 505[0m
[0mGET /users/sign-up [32m200[0m 13.900 ms - 2761[0m
[0mGET /css/layout.css [32m200[0m 17.877 ms - 226[0m
[0mGET /css/header.css [32m200[0m 20.476 ms - 624[0m
[0mGET /css/footer.css [32m200[0m 23.209 ms - 505[0m
[0mGET /users/sign-up [32m200[0m 150.144 ms - 2773[0m
[0mGET /css/header.css [32m200[0m 6.898 ms - 624[0m
[0mGET /css/footer.css [32m200[0m 7.122 ms - 505[0m
[0mGET /css/layout.css [32m200[0m 11.574 ms - 226[0m
[0mGET /users/sign-up [32m200[0m 15.217 ms - 2780[0m
[0mGET /css/sign_up.css [32m200[0m 22.943 ms - 1185[0m
[0mGET /css/layout.css [32m200[0m 23.528 ms - 226[0m
[0mGET /css/header.css [32m200[0m 27.828 ms - 624[0m
[0mGET /css/footer.css [32m200[0m 29.810 ms - 505[0m
[0mGET /users/sign-up [32m200[0m 10.373 ms - 2780[0m
[0mGET /css/header.css [32m200[0m 7.570 ms - 624[0m
[0mGET /css/layout.css [32m200[0m 9.379 ms - 226[0m
[0mGET /css/footer.css [32m200[0m 4.339 ms - 505[0m
[0mGET /users/sign-up [32m200[0m 13.076 ms - 2780[0m
[0mGET /css/header.css [32m200[0m 4.794 ms - 624[0m
[0mGET /css/footer.css [32m200[0m 5.229 ms - 505[0m
[0mGET /css/layout.css [32m200[0m 155.913 ms - 226[0m
[0mGET /users/sign-up [32m200[0m 13.629 ms - 2780[0m
[0mGET /css/layout.css [32m200[0m 6.686 ms - 226[0m
[0mGET /css/header.css [32m200[0m 7.122 ms - 624[0m
[0mGET /css/footer.css [32m200[0m 4.351 ms - 505[0m
[0mGET /users/sign-up [32m200[0m 15.249 ms - 2780[0m
[0mGET /css/header.css [32m200[0m 3.995 ms - 624[0m
[0mGET /css/layout.css [32m200[0m 5.712 ms - 226[0m
[0mGET /css/footer.css [32m200[0m 7.114 ms - 505[0m
[0mGET /users/sign-up [32m200[0m 12.345 ms - 2780[0m
[0mGET /css/layout.css [32m200[0m 9.349 ms - 226[0m
[0mGET /css/header.css [32m200[0m 10.118 ms - 624[0m
[0mGET /css/footer.css [32m200[0m 10.344 ms - 505[0m
[0mGET /users/sign-up [32m200[0m 12.107 ms - 2780[0m
[0mGET /css/layout.css [32m200[0m 37.702 ms - 226[0m
[0mGET /css/header.css [32m200[0m 38.348 ms - 624[0m
[0mGET /css/footer.css [32m200[0m 37.153 ms - 505[0m
[0mGET /users/sign-up [32m200[0m 14.584 ms - 2780[0m
[0mGET /css/layout.css [32m200[0m 13.252 ms - 226[0m
[0mGET /css/header.css [32m200[0m 15.242 ms - 624[0m
[0mGET /css/footer.css [32m200[0m 16.986 ms - 505[0m
[0mGET /users/sign-up [32m200[0m 9.685 ms - 2780[0m
[0mGET /css/layout.css [32m200[0m 11.242 ms - 226[0m
[0mGET /css/header.css [32m200[0m 11.921 ms - 624[0m
[0mGET /css/footer.css [32m200[0m 8.463 ms - 505[0m
[0mGET /users/sign-up [32m200[0m 10.424 ms - 2780[0m
[0mGET /css/layout.css [32m200[0m 6.989 ms - 226[0m
[0mGET /css/header.css [32m200[0m 4.317 ms - 624[0m
[0mGET /css/footer.css [32m200[0m 4.425 ms - 505[0m
[0mGET /users/sign-up [32m200[0m 11.877 ms - 2780[0m
[0mGET /css/footer.css [32m200[0m 4.124 ms - 505[0m
[0mGET /css/header.css [32m200[0m 7.296 ms - 624[0m
[0mGET /css/layout.css [32m200[0m 9.777 ms - 226[0m
[0mGET /users/sign-up [32m200[0m 14.439 ms - 2780[0m
[0mGET /css/layout.css [32m200[0m 4.143 ms - 226[0m
[0mGET /css/header.css [32m200[0m 34.944 ms - 624[0m
[0mGET /css/footer.css [32m200[0m 35.943 ms - 505[0m
[0mGET /users/sign-up [32m200[0m 8.598 ms - 2780[0m
[0mGET /css/layout.css [32m200[0m 1.550 ms - 226[0m
[0mGET /css/header.css [32m200[0m 2.061 ms - 624[0m
[0mGET /css/footer.css [32m200[0m 5.958 ms - 505[0m
[0mGET /users/sign-up [32m200[0m 15.885 ms - 2812[0m
[0mGET /css/sign_up.css [32m200[0m 9.791 ms - 1346[0m
[0mGET /css/header.css [32m200[0m 7.871 ms - 624[0m
[0mGET /css/layout.css [32m200[0m 9.076 ms - 226[0m
[0mGET /css/footer.css [32m200[0m 12.290 ms - 505[0m
[0mGET /users/sign-up [32m200[0m 11.378 ms - 2910[0m
[0mGET /css/sign_up.css [32m200[0m 5.630 ms - 1346[0m
[0mGET /css/header.css [32m200[0m 4.676 ms - 624[0m
[0mGET /css/layout.css [32m200[0m 7.296 ms - 226[0m
[0mGET /css/footer.css [32m200[0m 6.012 ms - 505[0m
[0mGET /users/sign-up [32m200[0m 11.884 ms - 2910[0m
[0mGET /css/sign_up.css [32m200[0m 6.569 ms - 1346[0m
[0mGET /css/layout.css [32m200[0m 5.223 ms - 226[0m
[0mGET /css/header.css [32m200[0m 3.932 ms - 624[0m
[0mGET /css/footer.css [32m200[0m 5.618 ms - 505[0m
[0mGET /users/sign-up [32m200[0m 15.423 ms - 2911[0m
[0mGET /css/sign_up.css [32m200[0m 8.997 ms - 1346[0m
[0mGET /css/layout.css [32m200[0m 9.864 ms - 226[0m
[0mGET /css/header.css [32m200[0m 10.782 ms - 624[0m
[0mGET /css/footer.css [32m200[0m 14.848 ms - 505[0m
[0mGET /users/sign-up [32m200[0m 16.049 ms - 2972[0m
[0mGET /css/header.css [32m200[0m 4.166 ms - 624[0m
[0mGET /css/layout.css [32m200[0m 4.098 ms - 226[0m
[0mGET /css/footer.css [32m200[0m 5.940 ms - 505[0m
[0mGET /users/sign-up [32m200[0m 19.415 ms - 2972[0m
[0mGET /css/header.css [32m200[0m 7.661 ms - 624[0m
[0mGET /css/layout.css [32m200[0m 7.863 ms - 226[0m
[0mGET /css/footer.css [32m200[0m 4.816 ms - 505[0m
[0mGET /users/sign-up [32m200[0m 11.316 ms - 2987[0m
[0mGET /css/sign_up.css [32m200[0m 12.232 ms - 1466[0m
[0mGET /css/layout.css [32m200[0m 8.074 ms - 226[0m
[0mGET /css/footer.css [32m200[0m 6.269 ms - 505[0m
[0mGET /css/header.css [32m200[0m 4.685 ms - 624[0m
[0mGET /users/sign-up [32m200[0m 13.528 ms - 2987[0m
[0mGET /css/sign_up.css [32m200[0m 13.613 ms - 1466[0m
[0mGET /css/layout.css [32m200[0m 3.103 ms - 226[0m
[0mGET /css/header.css [32m200[0m 3.883 ms - 624[0m
[0mGET /css/footer.css [32m200[0m 4.460 ms - 505[0m
[0mGET /users/sign-up [32m200[0m 14.976 ms - 2987[0m
[0mGET /css/layout.css [32m200[0m 5.116 ms - 226[0m
[0mGET /css/header.css [32m200[0m 6.903 ms - 624[0m
[0mGET /css/footer.css [32m200[0m 1.412 ms - 505[0m
[0mGET /users/sign-up [32m200[0m 13.058 ms - 2987[0m
[0mGET /css/layout.css [32m200[0m 3.805 ms - 226[0m
[0mGET /css/header.css [32m200[0m 4.387 ms - 624[0m
[0mGET /css/footer.css [32m200[0m 1.997 ms - 505[0m
[0mGET /users/sign-up [32m200[0m 10.860 ms - 2987[0m
[0mGET /css/layout.css [32m200[0m 4.239 ms - 226[0m
[0mGET /css/footer.css [32m200[0m 4.800 ms - 505[0m
[0mGET /css/header.css [32m200[0m 6.048 ms - 624[0m
[0mGET /users/sign-up [32m200[0m 11.524 ms - 2987[0m
[0mGET /css/layout.css [32m200[0m 7.225 ms - 226[0m
[0mGET /css/header.css [32m200[0m 2.825 ms - 624[0m
[0mGET /css/footer.css [32m200[0m 3.020 ms - 505[0m
[0mGET /users/sign-up [32m200[0m 12.504 ms - 2987[0m
[0mGET /css/layout.css [32m200[0m 5.471 ms - 226[0m
[0mGET /css/header.css [32m200[0m 5.457 ms - 624[0m
[0mGET /css/footer.css [32m200[0m 5.332 ms - 505[0m
[0mGET /users/sign-up [32m200[0m 7.565 ms - 2987[0m
[0mGET /css/header.css [32m200[0m 3.087 ms - 624[0m
[0mGET /css/footer.css [32m200[0m 5.325 ms - 505[0m
[0mGET /css/layout.css [32m200[0m 6.708 ms - 226[0m
[0mGET /users/sign-up [32m200[0m 11.271 ms - 2987[0m
[0mGET /css/layout.css [32m200[0m 53.806 ms - 226[0m
[0mGET /css/header.css [32m200[0m 60.010 ms - 624[0m
[0mGET /css/footer.css [32m200[0m 54.802 ms - 505[0m
[0mGET /users/sign-up [32m200[0m 19.783 ms - 2987[0m
[0mGET /css/layout.css [32m200[0m 4.373 ms - 226[0m
[0mGET /css/header.css [32m200[0m 6.740 ms - 624[0m
[0mGET /css/footer.css [32m200[0m 7.339 ms - 505[0m
[0mGET /users/sign-up [32m200[0m 10.053 ms - 2987[0m
[0mGET /css/layout.css [32m200[0m 8.889 ms - 226[0m
[0mGET /css/header.css [32m200[0m 6.383 ms - 624[0m
[0mGET /css/footer.css [32m200[0m 5.739 ms - 505[0m
[0mGET /users/sign-up [32m200[0m 14.849 ms - 2987[0m
[0mGET /css/layout.css [32m200[0m 13.304 ms - 226[0m
[0mGET /css/header.css [32m200[0m 3.395 ms - 624[0m
[0mGET /css/footer.css [32m200[0m 3.922 ms - 505[0m
[0mGET /users/sign-up [32m200[0m 14.579 ms - 2987[0m
[0mGET /css/layout.css [32m200[0m 3.703 ms - 226[0m
[0mGET /css/footer.css [32m200[0m 5.236 ms - 505[0m
[0mGET /css/header.css [32m200[0m 5.906 ms - 624[0m
[0mGET /users/sign-up [32m200[0m 14.967 ms - 2987[0m
[0mGET /css/layout.css [32m200[0m 4.512 ms - 226[0m
[0mGET /css/header.css [32m200[0m 7.010 ms - 624[0m
[0mGET /css/footer.css [32m200[0m 7.138 ms - 505[0m
[0mGET /users/sign-up [32m200[0m 14.940 ms - 2987[0m
[0mGET /css/layout.css [32m200[0m 8.106 ms - 226[0m
[0mGET /css/header.css [32m200[0m 8.524 ms - 624[0m
[0mGET /css/footer.css [32m200[0m 1.487 ms - 505[0m
[0mGET /users/sign-up [32m200[0m 12.562 ms - 2987[0m
[0mGET /css/layout.css [32m200[0m 6.064 ms - 226[0m
[0mGET /css/header.css [32m200[0m 12.500 ms - 624[0m
[0mGET /css/footer.css [32m200[0m 13.584 ms - 505[0m
[0mGET /users/sign-up [32m200[0m 15.504 ms - 2987[0m
[0mGET /css/header.css [32m200[0m 9.991 ms - 624[0m
[0mGET /css/footer.css [32m200[0m 10.490 ms - 505[0m
[0mGET /css/layout.css [32m200[0m 10.393 ms - 226[0m
[0mGET /css/sign_up.css [32m200[0m 8.202 ms - 1845[0m
[0mGET /users/sign-up [32m200[0m 16.226 ms - 2987[0m
[0mGET /css/sign_up.css [32m200[0m 10.788 ms - 1845[0m
[0mGET /css/header.css [32m200[0m 5.933 ms - 624[0m
[0mGET /css/footer.css [32m200[0m 5.285 ms - 505[0m
[0mGET /users/sign-up [32m200[0m 14.932 ms - 2987[0m
[0mGET /css/sign_up.css [32m200[0m 13.663 ms - 1845[0m
[0mGET /css/header.css [32m200[0m 5.840 ms - 624[0m
[0mGET /css/footer.css [32m200[0m 3.788 ms - 505[0m
[0mGET /css/sign_up.css [36m304[0m 1.079 ms - -[0m
[0mGET /css/layout.css [32m200[0m 3.619 ms - 226[0m
[0mGET /css/header.css [36m304[0m 2.296 ms - -[0m
[0mGET /css/footer.css [36m304[0m 2.551 ms - -[0m
[0mGET /users/sign-up [32m200[0m 9.945 ms - 2987[0m
[0mGET /css/layout.css [32m200[0m 3.868 ms - 226[0m
[0mGET /css/header.css [32m200[0m 4.342 ms - 624[0m
[0mGET /css/footer.css [32m200[0m 9.183 ms - 505[0m
[0mGET /css/layout.css [36m304[0m 1.154 ms - -[0m
[0mGET /css/sign_up.css [32m200[0m 3.988 ms - 1845[0m
[0mGET /css/header.css [36m304[0m 0.900 ms - -[0m
[0mGET /css/footer.css [36m304[0m 1.201 ms - -[0m
[0mGET /users/sign-up [32m200[0m 13.726 ms - 2987[0m
[0mGET /css/layout.css [32m200[0m 3.417 ms - 226[0m
[0mGET /css/header.css [32m200[0m 3.327 ms - 624[0m
[0mGET /css/footer.css [32m200[0m 2.674 ms - 505[0m
[0mGET /users/sign-up [32m200[0m 13.142 ms - 2987[0m
[0mGET /css/layout.css [32m200[0m 100.035 ms - 226[0m
[0mGET /css/header.css [32m200[0m 97.710 ms - 624[0m
[0mGET /css/footer.css [32m200[0m 98.906 ms - 505[0m
[0mGET /users/sign-up [32m200[0m 15.051 ms - 2987[0m
[0mGET /css/layout.css [32m200[0m 16.436 ms - 226[0m
[0mGET /css/header.css [32m200[0m 18.054 ms - 624[0m
[0mGET /css/footer.css [32m200[0m 18.275 ms - 505[0m
[0mGET /users/sign-up [32m200[0m 12.711 ms - 2987[0m
[0mGET /css/layout.css [32m200[0m 31.543 ms - 226[0m
[0mGET /css/header.css [32m200[0m 32.486 ms - 624[0m
[0mGET /css/footer.css [32m200[0m 31.968 ms - 505[0m
[0mGET /users/sign-up [32m200[0m 12.541 ms - 2987[0m
[0mGET /css/layout.css [32m200[0m 6.033 ms - 226[0m
[0mGET /css/footer.css [32m200[0m 6.260 ms - 505[0m
[0mGET /css/header.css [32m200[0m 4.982 ms - 624[0m
[0mGET /users/sign-up [36m304[0m 23.259 ms - -[0m
[0mGET /css/layout.css [36m304[0m 2.173 ms - -[0m
[0mGET /css/header.css [36m304[0m 2.917 ms - -[0m
[0mGET /css/footer.css [36m304[0m 3.030 ms - -[0m
[0mGET /users/sign-up [36m304[0m 9.472 ms - -[0m
[0mGET /css/layout.css [36m304[0m 2.117 ms - -[0m
[0mGET /css/footer.css [36m304[0m 2.569 ms - -[0m
[0mGET /css/header.css [36m304[0m 3.097 ms - -[0m
[0mGET /users/sign-up [36m304[0m 12.371 ms - -[0m
[0mGET /css/layout.css [36m304[0m 0.980 ms - -[0m
[0mGET /css/header.css [36m304[0m 2.147 ms - -[0m
[0mGET /css/footer.css [36m304[0m 2.972 ms - -[0m
[0mGET /users/sign-up [36m304[0m 11.172 ms - -[0m
[0mGET /css/layout.css [36m304[0m 2.622 ms - -[0m
[0mGET /css/header.css [36m304[0m 2.715 ms - -[0m
[0mGET /css/footer.css [36m304[0m 3.071 ms - -[0m
[0mGET /users/sign-up [36m304[0m 13.285 ms - -[0m
[0mGET /css/layout.css [36m304[0m 2.848 ms - -[0m
[0mGET /css/header.css [36m304[0m 3.069 ms - -[0m
[0mGET /css/footer.css [36m304[0m 5.927 ms - -[0m
[0mGET /users/sign-up [36m304[0m 11.241 ms - -[0m
[0mGET /css/layout.css [36m304[0m 1.769 ms - -[0m
[0mGET /css/header.css [36m304[0m 2.033 ms - -[0m
[0mGET /css/footer.css [36m304[0m 1.759 ms - -[0m
[0mGET /users/sign-up [36m304[0m 19.665 ms - -[0m
[0mGET /css/header.css [36m304[0m 2.087 ms - -[0m
[0mGET /css/layout.css [36m304[0m 2.346 ms - -[0m
[0mGET /css/footer.css [36m304[0m 2.968 ms - -[0m
[0mGET /users/sign-up [36m304[0m 14.659 ms - -[0m
[0mGET /css/sign_up.css [32m200[0m 9.843 ms - 1937[0m
[0mGET /css/layout.css [36m304[0m 1.302 ms - -[0m
[0mGET /css/header.css [36m304[0m 1.171 ms - -[0m
[0mGET /css/footer.css [36m304[0m 1.572 ms - -[0m
[0mGET /users/sign-up [36m304[0m 22.125 ms - -[0m
[0mGET /css/layout.css [36m304[0m 1.426 ms - -[0m
[0mGET /css/header.css [36m304[0m 1.774 ms - -[0m
[0mGET /css/footer.css [36m304[0m 2.259 ms - -[0m
[0mGET /users/sign-up [36m304[0m 16.279 ms - -[0m
[0mGET /css/header.css [36m304[0m 2.099 ms - -[0m
[0mGET /css/layout.css [36m304[0m 3.385 ms - -[0m
[0mGET /css/footer.css [36m304[0m 3.486 ms - -[0m
[0mGET /users/sign-up [36m304[0m 16.127 ms - -[0m
[0mGET /css/layout.css [36m304[0m 4.091 ms - -[0m
[0mGET /css/header.css [36m304[0m 2.370 ms - -[0m
[0mGET /css/footer.css [36m304[0m 1.863 ms - -[0m
[0mGET /css/sign_up.css [32m200[0m 1.215 ms - 1958[0m
[0mGET /css/layout.css [36m304[0m 2.369 ms - -[0m
[0mGET /css/header.css [36m304[0m 0.873 ms - -[0m
[0mGET /css/footer.css [36m304[0m 0.724 ms - -[0m
[0mGET /users/sign-up [32m200[0m 16.499 ms - 2987[0m
[0mGET /css/layout.css [32m200[0m 28.402 ms - 226[0m
[0mGET /css/header.css [32m200[0m 31.311 ms - 624[0m
[0mGET /css/footer.css [32m200[0m 23.691 ms - 505[0m
[0mGET /users/sign-up [36m304[0m 15.345 ms - -[0m
[0mGET /css/layout.css [36m304[0m 4.800 ms - -[0m
[0mGET /css/header.css [36m304[0m 0.947 ms - -[0m
[0mGET /css/footer.css [36m304[0m 2.570 ms - -[0m
[0mGET /users/sign-up [36m304[0m 12.828 ms - -[0m
[0mGET /css/header.css [36m304[0m 8.093 ms - -[0m
[0mGET /css/footer.css [36m304[0m 10.537 ms - -[0m
[0mGET /css/layout.css [36m304[0m 7.856 ms - -[0m
[0mGET /users/sign-up [36m304[0m 12.730 ms - -[0m
[0mGET /css/layout.css [36m304[0m 5.792 ms - -[0m
[0mGET /css/header.css [36m304[0m 4.517 ms - -[0m
[0mGET /css/footer.css [36m304[0m 3.234 ms - -[0m
[0mGET /users/sign-up [36m304[0m 15.417 ms - -[0m
[0mGET /css/header.css [36m304[0m 7.118 ms - -[0m
[0mGET /css/footer.css [36m304[0m 7.612 ms - -[0m
[0mGET /css/layout.css [36m304[0m 7.695 ms - -[0m
[0mGET /users/sign-up [36m304[0m 19.108 ms - -[0m
[0mGET /css/layout.css [36m304[0m 4.802 ms - -[0m
[0mGET /css/header.css [36m304[0m 1.375 ms - -[0m
[0mGET /css/footer.css [36m304[0m 2.298 ms - -[0m
[0mGET /css/layout.css [36m304[0m 0.861 ms - -[0m
[0mGET /css/sign_up.css [32m200[0m 8.801 ms - 2017[0m
[0mGET /css/header.css [36m304[0m 1.172 ms - -[0m
[0mGET /css/footer.css [36m304[0m 1.710 ms - -[0m
[0mGET /users/sign-up [32m200[0m 16.342 ms - 2987[0m
[0mGET /css/layout.css [32m200[0m 5.552 ms - 226[0m
[0mGET /css/header.css [32m200[0m 2.135 ms - 624[0m
[0mGET /css/footer.css [32m200[0m 2.732 ms - 505[0m
[0mGET /users/sign-up [32m200[0m 11.524 ms - 2987[0m
[0mGET /css/layout.css [32m200[0m 10.821 ms - 226[0m
[0mGET /css/header.css [32m200[0m 11.404 ms - 624[0m
[0mGET /css/footer.css [32m200[0m 11.689 ms - 505[0m
[0mGET /css/sign_up.css [32m200[0m 1.269 ms - 2039[0m
[0mGET /css/layout.css [36m304[0m 3.023 ms - -[0m
[0mGET /css/header.css [36m304[0m 4.046 ms - -[0m
[0mGET /css/footer.css [36m304[0m 5.804 ms - -[0m
[0mGET /users/sign-up [36m304[0m 10.351 ms - -[0m
[0mGET /css/layout.css [36m304[0m 1.697 ms - -[0m
[0mGET /css/header.css [36m304[0m 3.368 ms - -[0m
[0mGET /css/footer.css [36m304[0m 4.072 ms - -[0m
[0mGET /css/sign_up.css [36m304[0m 4.801 ms - -[0m
[0mGET /css/sign_up.css [36m304[0m 2.538 ms - -[0m
[0mGET /css/layout.css [36m304[0m 3.102 ms - -[0m
[0mGET /css/header.css [36m304[0m 3.971 ms - -[0m
[0mGET /css/footer.css [36m304[0m 5.166 ms - -[0m
[0mGET /users/sign-up [32m200[0m 10.411 ms - 2987[0m
[0mGET /css/header.css [32m200[0m 6.368 ms - 624[0m
[0mGET /css/layout.css [32m200[0m 5.909 ms - 226[0m
[0mGET /css/footer.css [32m200[0m 6.022 ms - 505[0m
[0mGET /css/sign_up.css [32m200[0m 2.011 ms - 2039[0m
[0mGET /css/layout.css [36m304[0m 3.443 ms - -[0m
[0mGET /css/header.css [36m304[0m 0.871 ms - -[0m
[0mGET /css/footer.css [36m304[0m 1.014 ms - -[0m
[0mGET /users/sign-up [32m200[0m 10.322 ms - 2987[0m
[0mGET /css/layout.css [32m200[0m 8.540 ms - 226[0m
[0mGET /css/header.css [32m200[0m 9.298 ms - 624[0m
[0mGET /css/footer.css [32m200[0m 12.753 ms - 505[0m
[0mGET /users/sign-up [32m200[0m 15.698 ms - 2987[0m
[0mGET /css/sign_up.css [32m200[0m 9.856 ms - 2155[0m
[0mGET /css/header.css [32m200[0m 10.059 ms - 624[0m
[0mGET /css/footer.css [32m200[0m 10.858 ms - 505[0m
[0mGET /css/layout.css [32m200[0m 18.439 ms - 226[0m
[0mGET /users/auth/google [36m302[0m 12.991 ms - 0[0m
[0mGET /users/auth/google/callback?code=4%2F0AVHEtk4MuYrcyKqTuE5iAl1AYb7Trp404NVUI4xtEEzGQgdXlhFBjmbBlsDt78lVZTi8Aw&scope=email+profile+https%3A%2F%2Fwww.googleapis.com%2Fauth%2Fuserinfo.profile+https%3A%2F%2Fwww.googleapis.com%2Fauth%2Fuserinfo.email+openid&authuser=0&prompt=consent [36m302[0m 1977.789 ms - 46[0m
[0mGET / [32m200[0m 199.984 ms - 26057[0m
[0mGET /js/post_comments.js [36m304[0m 1.696 ms - -[0m
[0mGET /css/home.css [36m304[0m 2.641 ms - -[0m
[0mGET /css/chatbox.css [36m304[0m 3.579 ms - -[0m
[0mGET /css/layout.css [36m304[0m 8.450 ms - -[0m
[0mGET /css/header.css [36m304[0m 8.635 ms - -[0m
[0mGET /css/footer.css [36m304[0m 8.925 ms - -[0m
[0mGET /js/home_posts.js [36m304[0m 10.158 ms - -[0m
[0mGET /js/toggle_likes.js [36m304[0m 9.371 ms - -[0m
[0mGET /js/chat_engine.js [36m304[0m 7.115 ms - -[0m
[0mGET /users/profile/6423112e1fd8e66981a73520 [32m200[0m 122.795 ms - 3219[0m
[0mGET /css/user_profile.css [36m304[0m 5.118 ms - -[0m
[0mGET /js/toggle_friendships.js [36m304[0m 0.929 ms - -[0m
[0mGET /css/footer.css [36m304[0m 4.166 ms - -[0m
[0mGET /css/header.css [36m304[0m 4.493 ms - -[0m
[0mGET /css/layout.css [36m304[0m 4.971 ms - -[0m
[0mGET /users/profile/63fe53f413d3edbea80676bf [32m200[0m 37.993 ms - 2598[0m
[0mGET /css/user_profile.css [36m304[0m 1.229 ms - -[0m
[0mGET /js/toggle_friendships.js [36m304[0m 1.939 ms - -[0m
[0mGET /css/layout.css [36m304[0m 2.647 ms - -[0m
[0mGET /css/footer.css [36m304[0m 2.931 ms - -[0m
[0mGET /css/header.css [36m304[0m 4.324 ms - -[0m
[0mGET /users/sign-out [36m302[0m 25.575 ms - 46[0m
[0mGET / [32m200[0m 69.181 ms - 16199[0m
[0mGET /js/post_comments.js [36m304[0m 2.527 ms - -[0m
[0mGET /css/home.css [36m304[0m 2.333 ms - -[0m
[0mGET /css/chatbox.css [36m304[0m 2.079 ms - -[0m
[0mGET /css/layout.css [36m304[0m 8.705 ms - -[0m
[0mGET /css/header.css [36m304[0m 9.189 ms - -[0m
[0mGET /css/footer.css [36m304[0m 10.825 ms - -[0m
[0mGET /js/home_posts.js [36m304[0m 6.489 ms - -[0m
[0mGET /js/toggle_likes.js [36m304[0m 8.730 ms - -[0m
[0mGET /js/chat_engine.js [36m304[0m 10.718 ms - -[0m
[0mGET /users/sign-up [36m304[0m 12.438 ms - -[0m
[0mGET /css/sign_up.css [36m304[0m 5.832 ms - -[0m
[0mGET /css/layout.css [36m304[0m 4.111 ms - -[0m
[0mGET /css/header.css [36m304[0m 3.857 ms - -[0m
[0mGET /css/footer.css [36m304[0m 0.778 ms - -[0m
[0mGET /users/sign-up [36m304[0m 13.591 ms - -[0m
[0mGET /css/layout.css [36m304[0m 3.085 ms - -[0m
[0mGET /css/header.css [36m304[0m 4.009 ms - -[0m
[0mGET /css/footer.css [36m304[0m 0.872 ms - -[0m
[0mGET /users/sign-up [36m304[0m 9.849 ms - -[0m
[0mGET /css/layout.css [36m304[0m 2.590 ms - -[0m
[0mGET /css/header.css [36m304[0m 2.962 ms - -[0m
[0mGET /css/footer.css [36m304[0m 0.723 ms - -[0m
[0mGET /css/sign_up.css [32m200[0m 2.056 ms - 2155[0m
[0mGET /css/layout.css [36m304[0m 0.886 ms - -[0m
[0mGET /css/header.css [36m304[0m 0.847 ms - -[0m
[0mGET /css/footer.css [36m304[0m 1.464 ms - -[0m
[0mGET /users/sign-up [32m200[0m 10.859 ms - 2987[0m
[0mGET /css/header.css [32m200[0m 4.520 ms - 624[0m
[0mGET /css/footer.css [32m200[0m 9.213 ms - 505[0m
[0mGET /css/layout.css [32m200[0m 1.359 ms - 226[0m
[0mGET /users/sign-up [32m200[0m 11.642 ms - 2987[0m
[0mGET /css/layout.css [32m200[0m 5.845 ms - 226[0m
[0mGET /css/footer.css [32m200[0m 10.285 ms - 505[0m
[0mGET /css/header.css [32m200[0m 10.846 ms - 624[0m
[0mGET /users/sign-up [32m200[0m 16.577 ms - 2987[0m
[0mGET /css/layout.css [32m200[0m 4.276 ms - 226[0m
[0mGET /css/header.css [32m200[0m 5.343 ms - 624[0m
[0mGET /css/footer.css [32m200[0m 6.140 ms - 505[0m
[0mGET /users/sign-up [32m200[0m 13.053 ms - 2987[0m
[0mGET /css/sign_up.css [32m200[0m 9.590 ms - 2155[0m
[0mGET /css/layout.css [32m200[0m 9.799 ms - 226[0m
[0mGET /css/footer.css [32m200[0m 10.691 ms - 505[0m
[0mGET /users/sign-up [32m200[0m 14.432 ms - 2987[0m
[0mGET /css/sign_up.css [32m200[0m 9.566 ms - 2155[0m
[0mGET /css/layout.css [32m200[0m 11.836 ms - 226[0m
[0mGET /css/header.css [32m200[0m 11.624 ms - 624[0m
[0mGET /users/sign-up [32m200[0m 11.264 ms - 2987[0m
[0mGET /css/layout.css [32m200[0m 1.858 ms - 226[0m
[0mGET /css/sign_up.css [32m200[0m 2.340 ms - 2155[0m
[0mGET /css/header.css [32m200[0m 1.851 ms - 624[0m
[0mGET /users/sign-up [32m200[0m 12.357 ms - 2987[0m
[0mGET /css/sign_up.css [32m200[0m 45.122 ms - 2155[0m
[0mGET /css/layout.css [32m200[0m 45.857 ms - 226[0m
[0mGET /css/header.css [32m200[0m 46.176 ms - 624[0m
[0mGET /users/sign-up [32m200[0m 16.269 ms - 2987[0m
[0mGET /css/sign_up.css [32m200[0m 9.091 ms - 2155[0m
[0mGET /css/layout.css [32m200[0m 8.815 ms - 226[0m
[0mGET /css/header.css [32m200[0m 10.374 ms - 624[0m
[0mGET /users/sign-up [32m200[0m 11.663 ms - 2987[0m
[0mGET /css/layout.css [32m200[0m 4.104 ms - 226[0m
[0mGET /css/sign_up.css [32m200[0m 7.236 ms - 2155[0m
[0mGET /css/header.css [32m200[0m 6.709 ms - 624[0m
[0mGET /users/sign-up [32m200[0m 12.364 ms - 2987[0m
[0mGET /css/layout.css [32m200[0m 8.758 ms - 226[0m
[0mGET /css/header.css [32m200[0m 16.927 ms - 624[0m
[0mGET /css/footer.css [32m200[0m 17.864 ms - 508[0m
[0mGET /css/sign_up.css [32m200[0m 14.934 ms - 2155[0m
[0mGET /users/sign-in [36m304[0m 17.725 ms - -[0m
[0mGET /css/layout.css [36m304[0m 2.515 ms - -[0m
[0mGET /css/footer.css [36m304[0m 4.391 ms - -[0m
[0mGET /css/header.css [36m304[0m 6.175 ms - -[0m
[0mPOST /users/create-session [36m302[0m 14.882 ms - 46[0m
[0mGET / [32m200[0m 137.687 ms - 27722[0m
[0mGET /css/home.css [36m304[0m 0.832 ms - -[0m
[0mGET /js/post_comments.js [36m304[0m 2.888 ms - -[0m
[0mGET /css/chatbox.css [36m304[0m 1.469 ms - -[0m
[0mGET /css/layout.css [36m304[0m 5.419 ms - -[0m
[0mGET /css/footer.css [36m304[0m 4.941 ms - -[0m
[0mGET /js/home_posts.js [36m304[0m 8.477 ms - -[0m
[0mGET /js/toggle_likes.js [36m304[0m 6.462 ms - -[0m
[0mGET /js/chat_engine.js [36m304[0m 3.132 ms - -[0m
[0mGET /css/header.css [36m304[0m 58.794 ms - -[0m
[0mGET /users/profile/640ad883778008b83dd85125 [36m304[0m 51.034 ms - -[0m
[0mGET /css/user_profile.css [36m304[0m 1.980 ms - -[0m
[0mGET /css/layout.css [36m304[0m 2.378 ms - -[0m
[0mGET /css/header.css [36m304[0m 8.285 ms - -[0m
[0mGET /js/toggle_friendships.js [36m304[0m 2.994 ms - -[0m
[0mGET /css/footer.css [36m304[0m 0.866 ms - -[0m
[0mGET /css/layout.css [36m304[0m 2.394 ms - -[0m
[0mGET /css/footer.css [36m304[0m 2.732 ms - -[0m
[0mGET /css/header.css [36m304[0m 3.520 ms - -[0m
[0mGET /css/user_profile.css [36m304[0m 6.032 ms - -[0m
[0mGET /users/profile/640ad883778008b83dd85125 [32m200[0m 121.810 ms - 3226[0m
[0mGET /css/layout.css [32m200[0m 10.057 ms - 226[0m
[0mGET /css/header.css [32m200[0m 11.041 ms - 624[0m
[0mGET /css/footer.css [32m200[0m 11.070 ms - 508[0m
[0mGET /js/toggle_friendships.js [32m200[0m 17.043 ms - 976[0m
[0mGET /users/profile/640ad883778008b83dd85125 [36m304[0m 118.190 ms - -[0m
[0mGET /css/layout.css [36m304[0m 3.283 ms - -[0m
[0mGET /css/header.css [36m304[0m 3.541 ms - -[0m
[0mGET /css/footer.css [36m304[0m 2.051 ms - -[0m
[0mGET /js/toggle_friendships.js [36m304[0m 2.480 ms - -[0m
[0mGET /users/profile/640ad883778008b83dd85125 [36m304[0m 191.469 ms - -[0m
[0mGET /css/layout.css [36m304[0m 1.615 ms - -[0m
[0mGET /css/header.css [36m304[0m 1.892 ms - -[0m
[0mGET /css/footer.css [36m304[0m 2.046 ms - -[0m
[0mGET /js/toggle_friendships.js [36m304[0m 1.247 ms - -[0m
[0mGET /users/profile/640ad883778008b83dd85125 [36m304[0m 119.038 ms - -[0m
[0mGET /css/layout.css [36m304[0m 0.782 ms - -[0m
[0mGET /css/footer.css [36m304[0m 1.982 ms - -[0m
[0mGET /css/header.css [36m304[0m 3.190 ms - -[0m
[0mGET /js/toggle_friendships.js [36m304[0m 7.201 ms - -[0m
[0mGET /users/profile/640ad883778008b83dd85125 [36m304[0m 226.829 ms - -[0m
[0mGET /css/layout.css [36m304[0m 1.201 ms - -[0m
[0mGET /css/header.css [36m304[0m 1.563 ms - -[0m
[0mGET /css/footer.css [36m304[0m 3.715 ms - -[0m
[0mGET /js/toggle_friendships.js [36m304[0m 1.160 ms - -[0m
[0mGET /users/profile/640ad883778008b83dd85125 [36m304[0m 110.997 ms - -[0m
[0mGET /css/layout.css [36m304[0m 1.355 ms - -[0m
[0mGET /css/header.css [36m304[0m 5.374 ms - -[0m
[0mGET /css/footer.css [36m304[0m 3.790 ms - -[0m
[0mGET /js/toggle_friendships.js [36m304[0m 2.105 ms - -[0m
[0mGET /users/profile/640ad883778008b83dd85125 [36m304[0m 64.139 ms - -[0m
[0mGET /css/layout.css [36m304[0m 0.802 ms - -[0m
[0mGET /css/header.css [36m304[0m 1.123 ms - -[0m
[0mGET /css/footer.css [36m304[0m 0.840 ms - -[0m
[0mGET /js/toggle_friendships.js [36m304[0m 1.060 ms - -[0m
[0mGET /users/profile/640ad883778008b83dd85125 [36m304[0m 159.850 ms - -[0m
[0mGET /css/layout.css [36m304[0m 0.745 ms - -[0m
[0mGET /css/header.css [36m304[0m 1.292 ms - -[0m
[0mGET /css/footer.css [36m304[0m 1.508 ms - -[0m
[0mGET /js/toggle_friendships.js [36m304[0m 3.432 ms - -[0m
[0mGET /users/profile/640ad883778008b83dd85125 [36m304[0m 154.223 ms - -[0m
[0mGET /css/layout.css [36m304[0m 4.785 ms - -[0m
[0mGET /css/footer.css [36m304[0m 6.196 ms - -[0m
[0mGET /css/header.css [36m304[0m 7.336 ms - -[0m
[0mGET /js/toggle_friendships.js [36m304[0m 4.832 ms - -[0m
[0mGET /users/profile/640ad883778008b83dd85125 [36m304[0m 122.837 ms - -[0m
[0mGET /css/layout.css [36m304[0m 7.527 ms - -[0m
[0mGET /css/header.css [36m304[0m 0.982 ms - -[0m
[0mGET /css/footer.css [36m304[0m 0.793 ms - -[0m
[0mGET /js/toggle_friendships.js [36m304[0m 0.858 ms - -[0m
[0mGET /users/profile/640ad883778008b83dd85125 [36m304[0m 91.547 ms - -[0m
[0mGET /css/header.css [36m304[0m 1.829 ms - -[0m
[0mGET /css/layout.css [36m304[0m 1.608 ms - -[0m
[0mGET /css/footer.css [36m304[0m 3.137 ms - -[0m
[0mGET /js/toggle_friendships.js [36m304[0m 1.361 ms - -[0m
[0mGET / [32m200[0m 123.447 ms - 27488[0m
[0mGET /css/home.css [36m304[0m 0.898 ms - -[0m
[0mGET /css/chatbox.css [36m304[0m 1.007 ms - -[0m
[0mGET /css/layout.css [36m304[0m 1.399 ms - -[0m
[0mGET /css/header.css [36m304[0m 8.165 ms - -[0m
[0mGET /js/post_comments.js [36m304[0m 3.909 ms - -[0m
[0mGET /js/home_posts.js [36m304[0m 7.801 ms - -[0m
[0mGET /js/toggle_likes.js [36m304[0m 4.743 ms - -[0m
[0mGET /js/chat_engine.js [36m304[0m 3.272 ms - -[0m
[0mGET /css/footer.css [36m304[0m 1.001 ms - -[0m
[0mGET /users/profile/63fe53f413d3edbea80676bf [32m200[0m 37.648 ms - 2580[0m
[0mGET /css/user_profile.css [32m200[0m 2.668 ms - 2232[0m
[0mGET /js/toggle_friendships.js [36m304[0m 2.197 ms - -[0m
[0mGET /css/layout.css [36m304[0m 3.557 ms - -[0m
[0mGET /css/header.css [36m304[0m 4.286 ms - -[0m
[0mGET /css/footer.css [36m304[0m 5.709 ms - -[0m
[0mGET /users/profile/63fe53f413d3edbea80676bf [36m304[0m 97.959 ms - -[0m
[0mGET /css/layout.css [36m304[0m 6.537 ms - -[0m
[0mGET /css/header.css [36m304[0m 2.166 ms - -[0m
[0mGET /css/footer.css [36m304[0m 5.202 ms - -[0m
[0mGET /js/toggle_friendships.js [36m304[0m 1.105 ms - -[0m
[0mGET /users/profile/63fe53f413d3edbea80676bf [36m304[0m 136.252 ms - -[0m
[0mGET /css/layout.css [36m304[0m 1.247 ms - -[0m
[0mGET /css/header.css [36m304[0m 1.796 ms - -[0m
[0mGET /js/toggle_friendships.js [36m304[0m 3.275 ms - -[0m
[0mGET /css/footer.css [36m304[0m 1.010 ms - -[0m
[0mGET /users/profile/63fe53f413d3edbea80676bf [36m304[0m 92.245 ms - -[0m
[0mGET /css/layout.css [36m304[0m 0.769 ms - -[0m
[0mGET /js/toggle_friendships.js [36m304[0m 2.454 ms - -[0m
[0mGET /css/header.css [36m304[0m 7.730 ms - -[0m
[0mGET /css/footer.css [36m304[0m 5.657 ms - -[0m
[0mGET /users/profile/63fe53f413d3edbea80676bf [36m304[0m 94.404 ms - -[0m
[0mGET /css/layout.css [36m304[0m 0.812 ms - -[0m
[0mGET /js/toggle_friendships.js [36m304[0m 2.530 ms - -[0m
[0mGET /css/footer.css [36m304[0m 5.145 ms - -[0m
[0mGET /css/header.css [36m304[0m 5.765 ms - -[0m
[0mGET /users/profile/63fe53f413d3edbea80676bf [36m304[0m 77.593 ms - -[0m
[0mGET /css/layout.css [36m304[0m 2.913 ms - -[0m
[0mGET /css/header.css [36m304[0m 1.365 ms - -[0m
[0mGET /css/footer.css [36m304[0m 1.578 ms - -[0m
[0mGET /js/toggle_friendships.js [36m304[0m 2.392 ms - -[0m
[0mGET /css/user_profile.css [32m200[0m 3.107 ms - 2234[0m
[0mGET /css/layout.css [36m304[0m 1.048 ms - -[0m
[0mGET /css/header.css [36m304[0m 2.494 ms - -[0m
[0mGET /css/footer.css [36m304[0m 3.515 ms - -[0m
[0mGET /users/profile/63fe53f413d3edbea80676bf [32m200[0m 136.993 ms - 2580[0m
[0mGET /css/layout.css [32m200[0m 8.900 ms - 226[0m
[0mGET /css/footer.css [32m200[0m 9.096 ms - 508[0m
[0mGET /css/header.css [32m200[0m 7.561 ms - 624[0m
[0mGET /js/toggle_friendships.js [32m200[0m 5.541 ms - 976[0m
[0mGET /users/profile/63fe53f413d3edbea80676bf [32m200[0m 88.868 ms - 2580[0m
[0mGET /css/layout.css [32m200[0m 12.751 ms - 226[0m
[0mGET /css/header.css [32m200[0m 9.985 ms - 624[0m
[0mGET /css/footer.css [32m200[0m 16.535 ms - 508[0m
[0mGET /js/toggle_friendships.js [32m200[0m 2.217 ms - 976[0m
[0mGET /users/profile/63fe53f413d3edbea80676bf [32m200[0m 59.670 ms - 2580[0m
[0mGET /css/layout.css [32m200[0m 7.284 ms - 226[0m
[0mGET /css/header.css [32m200[0m 1.431 ms - 624[0m
[0mGET /css/footer.css [32m200[0m 1.976 ms - 508[0m
[0mGET /js/toggle_friendships.js [32m200[0m 3.225 ms - 976[0m
[0mGET /users/profile/63fe53f413d3edbea80676bf [32m200[0m 126.776 ms - 2580[0m
[0mGET /css/layout.css [32m200[0m 1.979 ms - 226[0m
[0mGET /css/header.css [32m200[0m 2.152 ms - 624[0m
[0mGET /css/footer.css [32m200[0m 2.572 ms - 508[0m
[0mGET /js/toggle_friendships.js [32m200[0m 4.205 ms - 976[0m
[0mGET /users/profile/63fe53f413d3edbea80676bf [32m200[0m 43.094 ms - 2580[0m
[0mGET /css/user_profile.css [32m200[0m 2.020 ms - 2213[0m
[0mGET /css/layout.css [32m200[0m 6.642 ms - 226[0m
[0mGET /css/header.css [32m200[0m 6.907 ms - 624[0m
[0mGET /css/footer.css [32m200[0m 10.622 ms - 508[0m
[0mGET /js/toggle_friendships.js [32m200[0m 1.471 ms - 976[0m
[0mPOST /users/profile/friendships/toggle/63fe53f413d3edbea80676bf [32m200[0m 95.620 ms - 57[0m
[0mPOST /users/profile/friendships/toggle/63fe53f413d3edbea80676bf [32m200[0m 42.169 ms - 58[0m
[0mPOST /users/profile/friendships/toggle/63fe53f413d3edbea80676bf [32m200[0m 26.379 ms - 57[0m
[0mPOST /users/profile/friendships/toggle/63fe53f413d3edbea80676bf [32m200[0m 29.098 ms - 58[0m
[0mPOST /users/profile/friendships/toggle/63fe53f413d3edbea80676bf [32m200[0m 31.083 ms - 57[0m
[0mPOST /users/profile/friendships/toggle/63fe53f413d3edbea80676bf [32m200[0m 36.130 ms - 58[0m
[0mPOST /users/profile/friendships/toggle/63fe53f413d3edbea80676bf [32m200[0m 28.764 ms - 57[0m
[0mPOST /users/profile/friendships/toggle/63fe53f413d3edbea80676bf [32m200[0m 29.807 ms - 58[0m
[0mPOST /users/profile/friendships/toggle/63fe53f413d3edbea80676bf [32m200[0m 28.626 ms - 57[0m
[0mPOST /users/profile/friendships/toggle/63fe53f413d3edbea80676bf [32m200[0m 39.228 ms - 58[0m
[0mPOST /users/profile/friendships/toggle/63fe53f413d3edbea80676bf [32m200[0m 31.190 ms - 57[0m
[0mPOST /users/profile/friendships/toggle/63fe53f413d3edbea80676bf [32m200[0m 32.655 ms - 58[0m
[0mPOST /users/profile/friendships/toggle/63fe53f413d3edbea80676bf [32m200[0m 26.851 ms - 57[0m
[0mPOST /users/profile/friendships/toggle/63fe53f413d3edbea80676bf [32m200[0m 29.834 ms - 58[0m
[0mPOST /users/profile/friendships/toggle/63fe53f413d3edbea80676bf [32m200[0m 28.424 ms - 57[0m
[0mPOST /users/profile/friendships/toggle/63fe53f413d3edbea80676bf [32m200[0m 37.840 ms - 58[0m
[0mPOST /users/profile/friendships/toggle/63fe53f413d3edbea80676bf [32m200[0m 23.367 ms - 57[0m
[0mGET /users/profile/63fe53f413d3edbea80676bf [32m200[0m 62.185 ms - 2573[0m
[0mGET /css/layout.css [32m200[0m 7.724 ms - 226[0m
[0mGET /css/header.css [32m200[0m 11.086 ms - 624[0m
[0mGET /css/footer.css [32m200[0m 10.124 ms - 508[0m
[0mGET /js/toggle_friendships.js [32m200[0m 2.640 ms - 976[0m
[0mPOST /users/profile/friendships/toggle/63fe53f413d3edbea80676bf [32m200[0m 28.326 ms - 58[0m
[0mPOST /users/profile/friendships/toggle/63fe53f413d3edbea80676bf [32m200[0m 25.051 ms - 57[0m
[0mPOST /users/profile/friendships/toggle/63fe53f413d3edbea80676bf [32m200[0m 29.566 ms - 58[0m
[0mPOST /users/profile/friendships/toggle/63fe53f413d3edbea80676bf [32m200[0m 27.090 ms - 57[0m
[0mGET / [32m200[0m 124.716 ms - 27321[0m
[0mGET /css/home.css [32m200[0m 3.536 ms - 315[0m
[0mGET /css/chatbox.css [32m200[0m 10.511 ms - 1281[0m
[0mGET /css/header.css [32m200[0m 2.975 ms - 624[0m
[0mGET /css/layout.css [32m200[0m 3.400 ms - 226[0m
[0mGET /css/footer.css [32m200[0m 4.022 ms - 508[0m
[0mGET /js/post_comments.js [32m200[0m 118.218 ms - 3407[0m
[0mGET /js/toggle_likes.js [32m200[0m 50.565 ms - 1118[0m
[0mGET /js/home_posts.js [32m200[0m 77.354 ms - 3937[0m
[0mGET /js/chat_engine.js [32m200[0m 71.772 ms - 1929[0m
[0mGET /users/profile/640ad883778008b83dd85125 [36m304[0m 30.393 ms - -[0m
[0mGET /css/user_profile.css [32m200[0m 32.029 ms - 2213[0m
[0mGET /css/header.css [36m304[0m 1.795 ms - -[0m
[0mGET /css/footer.css [36m304[0m 2.286 ms - -[0m
[0mGET /css/layout.css [36m304[0m 2.722 ms - -[0m
[0mGET /js/toggle_friendships.js [36m304[0m 2.239 ms - -[0m
[0mGET /users/profile/640ad883778008b83dd85125 [36m304[0m 36.673 ms - -[0m
[0mGET /css/user_profile.css [36m304[0m 2.606 ms - -[0m
[0mGET /css/header.css [36m304[0m 3.025 ms - -[0m
[0mGET /css/footer.css [36m304[0m 3.307 ms - -[0m
[0mGET /css/layout.css [36m304[0m 3.522 ms - -[0m
[0mGET /js/toggle_friendships.js [36m304[0m 10.504 ms - -[0m
[0mGET / [36m304[0m 106.803 ms - -[0m
[0mGET /css/home.css [36m304[0m 3.181 ms - -[0m
[0mGET /css/chatbox.css [36m304[0m 2.760 ms - -[0m
[0mGET /css/layout.css [36m304[0m 1.453 ms - -[0m
[0mGET /css/header.css [36m304[0m 3.357 ms - -[0m
[0mGET /css/footer.css [36m304[0m 11.127 ms - -[0m
[0mGET /js/post_comments.js [36m304[0m 4.380 ms - -[0m
[0mGET /js/home_posts.js [36m304[0m 2.480 ms - -[0m
[0mGET /js/toggle_likes.js [36m304[0m 2.859 ms - -[0m
[0mGET /js/chat_engine.js [36m304[0m 2.127 ms - -[0m
[0mGET /users/profile/63fe53f413d3edbea80676bf [36m304[0m 37.537 ms - -[0m
[0mGET /css/user_profile.css [36m304[0m 0.837 ms - -[0m
[0mGET /css/layout.css [36m304[0m 1.904 ms - -[0m
[0mGET /css/header.css [36m304[0m 2.729 ms - -[0m
[0mGET /js/toggle_friendships.js [36m304[0m 4.509 ms - -[0m
[0mGET /css/footer.css [36m304[0m 0.951 ms - -[0m
[0mGET /users/profile/640ad883778008b83dd85125 [36m304[0m 87.145 ms - -[0m
[0mGET /js/toggle_friendships.js [36m304[0m 2.560 ms - -[0m
[0mGET /css/user_profile.css [36m304[0m 3.143 ms - -[0m
[0mGET /css/header.css [36m304[0m 5.397 ms - -[0m
[0mGET /css/footer.css [36m304[0m 5.379 ms - -[0m
[0mGET /css/layout.css [36m304[0m 5.540 ms - -[0m
[0mGET /users/profile/640ad883778008b83dd85125 [36m304[0m 105.555 ms - -[0m
[0mGET /css/layout.css [36m304[0m 1.257 ms - -[0m
[0mGET /css/header.css [36m304[0m 1.800 ms - -[0m
[0mGET /css/footer.css [36m304[0m 0.820 ms - -[0m
[0mGET /js/toggle_friendships.js [36m304[0m 0.876 ms - -[0m
[0mGET /css/user_profile.css [32m200[0m 2.862 ms - 2190[0m
[0mGET /css/header.css [36m304[0m 1.215 ms - -[0m
[0mGET /css/footer.css [36m304[0m 1.520 ms - -[0m
[0mGET /css/layout.css [36m304[0m 1.028 ms - -[0m
[0mGET /users/profile/640ad883778008b83dd85125 [32m200[0m 119.529 ms - 3226[0m
[0mGET /css/header.css [32m200[0m 3.575 ms - 624[0m
[0mGET /css/footer.css [32m200[0m 4.282 ms - 508[0m
[0mGET /css/layout.css [32m200[0m 4.957 ms - 226[0m
[0mGET /js/toggle_friendships.js [32m200[0m 1.648 ms - 976[0m
[0mGET /users/profile/640ad883778008b83dd85125 [32m200[0m 79.958 ms - 3226[0m
[0mGET /css/header.css [32m200[0m 3.126 ms - 624[0m
[0mGET /css/layout.css [32m200[0m 3.354 ms - 226[0m
[0mGET /css/footer.css [32m200[0m 3.565 ms - 508[0m
[0mGET /js/toggle_friendships.js [32m200[0m 1.383 ms - 976[0m
[0mGET /users/profile/640ad883778008b83dd85125 [32m200[0m 130.572 ms - 3226[0m
[0mGET /css/layout.css [32m200[0m 3.559 ms - 226[0m
[0mGET /css/header.css [32m200[0m 9.249 ms - 624[0m
[0mGET /css/footer.css [32m200[0m 1.875 ms - 508[0m
[0mGET /js/toggle_friendships.js [32m200[0m 3.895 ms - 976[0m
[0mGET /users/profile/640ad883778008b83dd85125 [32m200[0m 62.715 ms - 3226[0m
[0mGET /css/layout.css [32m200[0m 4.279 ms - 226[0m
[0mGET /css/header.css [32m200[0m 9.884 ms - 624[0m
[0mGET /css/footer.css [32m200[0m 1.749 ms - 508[0m
[0mGET /js/toggle_friendships.js [32m200[0m 4.231 ms - 976[0m
[0mGET /users/profile/640ad883778008b83dd85125 [32m200[0m 48.217 ms - 3226[0m
[0mGET /css/user_profile.css [32m200[0m 8.879 ms - 2190[0m
[0mGET /css/layout.css [32m200[0m 9.346 ms - 226[0m
[0mGET /css/header.css [32m200[0m 7.914 ms - 624[0m
[0mGET /css/footer.css [32m200[0m 6.365 ms - 508[0m
[0mGET /js/toggle_friendships.js [32m200[0m 1.464 ms - 976[0m
[0mGET /users/profile/640ad883778008b83dd85125 [32m200[0m 86.148 ms - 3234[0m
[0mGET /css/user_profile.css [32m200[0m 4.389 ms - 2190[0m
[0mGET /css/layout.css [32m200[0m 6.412 ms - 226[0m
[0mGET /css/header.css [32m200[0m 8.540 ms - 624[0m
[0mGET /css/footer.css [32m200[0m 7.605 ms - 508[0m
[0mGET /js/toggle_friendships.js [32m200[0m 2.185 ms - 976[0m
[0mGET /users/profile/640ad883778008b83dd85125 [32m200[0m 126.048 ms - 3234[0m
[0mGET /css/user_profile.css [32m200[0m 11.261 ms - 2190[0m
[0mGET /css/layout.css [32m200[0m 10.950 ms - 226[0m
[0mGET /css/header.css [32m200[0m 12.284 ms - 624[0m
[0mGET /css/footer.css [32m200[0m 13.785 ms - 508[0m
[0mGET /js/toggle_friendships.js [32m200[0m 2.344 ms - 976[0m
[0mGET /users/profile/640ad883778008b83dd85125 [36m304[0m 38.023 ms - -[0m
[0mGET /css/user_profile.css [36m304[0m 2.866 ms - -[0m
[0mGET /css/layout.css [36m304[0m 3.610 ms - -[0m
[0mGET /css/header.css [36m304[0m 3.584 ms - -[0m
[0mGET /css/footer.css [36m304[0m 5.354 ms - -[0m
[0mGET /js/toggle_friendships.js [36m304[0m 2.959 ms - -[0m
[0mGET /users/sign-out [36m302[0m 21.228 ms - 46[0m
[0mGET / [32m200[0m 81.511 ms - 16199[0m
[0mGET /js/post_comments.js [36m304[0m 1.647 ms - -[0m
[0mGET /css/home.css [36m304[0m 5.245 ms - -[0m
[0mGET /css/chatbox.css [36m304[0m 5.446 ms - -[0m
[0mGET /css/layout.css [36m304[0m 5.853 ms - -[0m
[0mGET /css/header.css [36m304[0m 6.363 ms - -[0m
[0mGET /css/footer.css [36m304[0m 6.624 ms - -[0m
[0mGET /js/home_posts.js [36m304[0m 5.502 ms - -[0m
[0mGET /js/toggle_likes.js [36m304[0m 5.500 ms - -[0m
[0mGET /js/chat_engine.js [36m304[0m 4.848 ms - -[0m
[0mGET /users/sign-up [36m304[0m 122.405 ms - -[0m
[0mGET /css/sign_up.css [36m304[0m 2.416 ms - -[0m
[0mGET /css/layout.css [36m304[0m 4.301 ms - -[0m
[0mGET /css/header.css [36m304[0m 2.544 ms - -[0m
[0mGET /css/footer.css [36m304[0m 2.835 ms - -[0m
[0mGET /css/sign_up.css [36m304[0m 4.780 ms - -[0m
[0mGET /css/layout.css [36m304[0m 5.023 ms - -[0m
[0mGET /css/header.css [36m304[0m 5.106 ms - -[0m
[0mGET /css/footer.css [36m304[0m 0.980 ms - -[0m
[0mGET /users/sign-up [36m304[0m 20.236 ms - -[0m
[0mGET /css/sign_up.css [36m304[0m 1.767 ms - -[0m
[0mGET /css/layout.css [36m304[0m 2.034 ms - -[0m
[0mGET /css/footer.css [36m304[0m 2.249 ms - -[0m
[0mGET /css/header.css [36m304[0m 2.320 ms - -[0m
[0mGET /users/sign-up [36m304[0m 10.187 ms - -[0m
[0mGET /css/layout.css [36m304[0m 3.326 ms - -[0m
[0mGET /css/header.css [36m304[0m 3.632 ms - -[0m
[0mGET /css/footer.css [36m304[0m 3.909 ms - -[0m
